==================================================================
= Multi Theft Auto: San Andreas v1.5.9
==================================================================
= Server name      : Map Editor Server
= Server IP address: auto
= Server port      : 22010
= 
= Log file         : ..rver/mods/deathmatch/logs/editor_server.log
= Maximum players  : 1
= HTTP port        : 22011
= Voice Chat       : Disabled
= Bandwidth saving : None
==================================================================
[2022-12-16 22:18:31] File 'settings.xml' not present, creating new node.
[2022-12-16 22:18:31] Resource 'acpanel' requests some acl rights. Use the command 'aclrequest list acpanel'
[2022-12-16 22:18:37] Resources: 193 loaded, 0 failed
[2022-12-16 22:18:37] Starting resources...
[2022-12-16 22:18:37] Server minclientversion is now 1.5.7-9.19626
[2022-12-16 22:18:37] Server started and is ready to accept connections!
[2022-12-16 22:18:37] To stop the server, type 'shutdown' or press Ctrl-C
[2022-12-16 22:18:37] Type 'help' for a list of commands.
[2022-12-16 22:18:38] CONNECT: zaton connected (IP: 127.0.0.1  Serial: 9F9B2E173D6A3E6B999F7DCB30480170  Version: 1.5.9-9.21437.0)
[2022-12-16 22:18:38] JOIN: zaton joined the game (IP: 127.0.0.1)
[2022-12-16 22:19:02] WARNING: edf\edf.lua:623: Expected positive value, got negative. This warning may be an error in future versions.
[2022-12-16 22:19:08] WARNING: edf\edf.lua:623: Expected positive value, got negative. This warning may be an error in future versions.  [DUP x2]
[2022-12-16 22:19:11] WARNING: edf\edf.lua:623: Expected positive value, got negative. This warning may be an error in future versions.
[2022-12-16 22:19:17] WARNING: edf\edf.lua:623: Expected positive value, got negative. This warning may be an error in future versions.  [DUP x2]
[2022-12-16 22:19:17] WARNING: edf\edf.lua:623: Expected positive value, got negative. This warning may be an error in future versions.
[2022-12-16 22:19:23] WARNING: edf\edf.lua:623: Expected positive value, got negative. This warning may be an error in future versions.  [DUP x3]
[2022-12-16 22:19:24] WARNING: edf\edf.lua:623: Expected positive value, got negative. This warning may be an error in future versions.
[2022-12-16 22:19:30] WARNING: edf\edf.lua:623: Expected positive value, got negative. This warning may be an error in future versions.
[2022-12-16 22:19:31] WARNING: edf\edf.lua:623: Expected positive value, got negative. This warning may be an error in future versions.
[2022-12-16 22:19:37] WARNING: edf\edf.lua:623: Expected positive value, got negative. This warning may be an error in future versions.  [DUP x3]
[2022-12-16 22:19:38] WARNING: edf\edf.lua:623: Expected positive value, got negative. This warning may be an error in future versions.
[2022-12-16 22:19:44] WARNING: edf\edf.lua:623: Expected positive value, got negative. This warning may be an error in future versions.  [DUP x2]
[2022-12-16 22:19:45] WARNING: edf\edf.lua:623: Expected positive value, got negative. This warning may be an error in future versions.
[2022-12-16 22:19:51] WARNING: edf\edf.lua:623: Expected positive value, got negative. This warning may be an error in future versions.  [DUP x2]
[2022-12-16 22:24:13] WARNING: edf\edf.lua:623: Expected positive value, got negative. This warning may be an error in future versions.
[2022-12-16 22:24:50] QUIT: zaton left the game [Quit]
[2022-12-16 22:24:51] Server stopped!
[2022-12-16 22:24:51] Stopping resources..........
[2022-12-16 22:24:51] Closing SQLite3 database
==================================================================
= Multi Theft Auto: San Andreas v1.5.9
==================================================================
= Server name      : Map Editor Server
= Server IP address: auto
= Server port      : 22010
= 
= Log file         : ..rver/mods/deathmatch/logs/editor_server.log
= Maximum players  : 1
= HTTP port        : 22011
= Voice Chat       : Disabled
= Bandwidth saving : None
==================================================================
[2022-12-20 22:34:00] Resource 'acpanel' requests some acl rights. Use the command 'aclrequest list acpanel'
[2022-12-20 22:34:13] Resources: 195 loaded, 0 failed
[2022-12-20 22:34:13] Starting resources...
[2022-12-20 22:34:13] Server minclientversion is now 1.5.7-9.19626
[2022-12-20 22:34:13] Server started and is ready to accept connections!
[2022-12-20 22:34:13] To stop the server, type 'shutdown' or press Ctrl-C
[2022-12-20 22:34:13] Type 'help' for a list of commands.
[2022-12-20 22:34:13] CONNECT: zaton connected (IP: 127.0.0.1  Serial: 9F9B2E173D6A3E6B999F7DCB30480170  Version: 1.5.9-9.21437.0)
[2022-12-20 22:34:14] JOIN: zaton joined the game (IP: 127.0.0.1)
[2022-12-20 22:34:42] WARNING: edf\edf.lua:623: Expected positive value, got negative. This warning may be an error in future versions.
[2022-12-20 22:34:48] WARNING: edf\edf.lua:623: Expected positive value, got negative. This warning may be an error in future versions.
[2022-12-20 22:40:06] QUIT: zaton left the game [Quit]
[2022-12-20 22:40:06] Server stopped!
[2022-12-20 22:40:06] Stopping resources..........
[2022-12-20 22:40:06] Closing SQLite3 database
==================================================================
= Multi Theft Auto: San Andreas v1.5.9
==================================================================
= Server name      : Map Editor Server
= Server IP address: auto
= Server port      : 22010
= 
= Log file         : ..rver/mods/deathmatch/logs/editor_server.log
= Maximum players  : 1
= HTTP port        : 22011
= Voice Chat       : Disabled
= Bandwidth saving : None
==================================================================
[2022-12-22 15:12:45] Resource 'acpanel' requests some acl rights. Use the command 'aclrequest list acpanel'
[2022-12-22 15:12:54] Resources: 195 loaded, 0 failed
[2022-12-22 15:12:54] Starting resources...
[2022-12-22 15:12:54] Server minclientversion is now 1.5.7-9.19626
[2022-12-22 15:12:54] Server started and is ready to accept connections!
[2022-12-22 15:12:54] To stop the server, type 'shutdown' or press Ctrl-C
[2022-12-22 15:12:54] Type 'help' for a list of commands.
[2022-12-22 15:12:56] CONNECT: zaton connected (IP: 127.0.0.1  Serial: 9F9B2E173D6A3E6B999F7DCB30480170  Version: 1.5.9-9.21437.0)
[2022-12-22 15:12:56] JOIN: zaton joined the game (IP: 127.0.0.1)
[2022-12-22 15:14:21] WARNING: edf\edf.lua:623: Expected positive value, got negative. This warning may be an error in future versions.
[2022-12-22 15:14:27] WARNING: edf\edf.lua:623: Expected positive value, got negative. This warning may be an error in future versions.
[2022-12-22 15:14:27] WARNING: edf\edf.lua:623: Expected positive value, got negative. This warning may be an error in future versions.
[2022-12-22 15:14:33] WARNING: edf\edf.lua:623: Expected positive value, got negative. This warning may be an error in future versions.
[2022-12-22 15:14:39] WARNING: edf\edf.lua:623: Expected positive value, got negative. This warning may be an error in future versions.
[2022-12-22 15:14:50] WARNING: edf\edf.lua:623: Expected positive value, got negative. This warning may be an error in future versions.
[2022-12-22 15:15:26] WARNING: edf\edf.lua:623: Expected positive value, got negative. This warning may be an error in future versions.
[2022-12-22 15:16:46] WARNING: edf\edf.lua:623: Expected positive value, got negative. This warning may be an error in future versions.
[2022-12-22 15:17:26] WARNING: edf\edf.lua:623: Expected positive value, got negative. This warning may be an error in future versions.
[2022-12-22 15:18:00] WARNING: edf\edf.lua:623: Expected positive value, got negative. This warning may be an error in future versions.
[2022-12-22 15:18:36] WARNING: edf\edf.lua:623: Expected positive value, got negative. This warning may be an error in future versions.
[2022-12-22 15:24:31] QUIT: zaton left the game [Quit]
[2022-12-22 15:24:32] Server stopped!
[2022-12-22 15:24:32] Stopping resources..........
[2022-12-22 15:24:32] Closing SQLite3 database
==================================================================
= Multi Theft Auto: San Andreas v1.5.9
==================================================================
= Server name      : Map Editor Server
= Server IP address: auto
= Server port      : 22010
= 
= Log file         : ..rver/mods/deathmatch/logs/editor_server.log
= Maximum players  : 1
= HTTP port        : 22011
= Voice Chat       : Disabled
= Bandwidth saving : None
==================================================================
[2022-12-23 23:50:06] Resource 'acpanel' requests some acl rights. Use the command 'aclrequest list acpanel'
[2022-12-23 23:50:18] Resources: 196 loaded, 0 failed
[2022-12-23 23:50:18] Starting resources...
[2022-12-23 23:50:18] Server minclientversion is now 1.5.7-9.19626
[2022-12-23 23:50:18] Server started and is ready to accept connections!
[2022-12-23 23:50:18] To stop the server, type 'shutdown' or press Ctrl-C
[2022-12-23 23:50:18] Type 'help' for a list of commands.
[2022-12-23 23:50:19] CONNECT: zaton connected (IP: 127.0.0.1  Serial: 9F9B2E173D6A3E6B999F7DCB30480170  Version: 1.5.9-9.21437.1)
[2022-12-23 23:50:20] JOIN: zaton joined the game (IP: 127.0.0.1)
[2022-12-24 00:29:55] QUIT: zaton left the game [Quit]
[2022-12-24 00:29:56] Server stopped!
[2022-12-24 00:29:56] Stopping resources..........
[2022-12-24 00:29:56] Closing SQLite3 database
==================================================================
= Multi Theft Auto: San Andreas v1.5.9
==================================================================
= Server name      : Map Editor Server
= Server IP address: auto
= Server port      : 22010
= 
= Log file         : ..rver/mods/deathmatch/logs/editor_server.log
= Maximum players  : 1
= HTTP port        : 22011
= Voice Chat       : Disabled
= Bandwidth saving : None
==================================================================
[2022-12-24 00:29:58] Resource 'acpanel' requests some acl rights. Use the command 'aclrequest list acpanel'
[2022-12-24 00:29:59] Resources: 199 loaded, 0 failed
[2022-12-24 00:29:59] Starting resources...
[2022-12-24 00:29:59] Server minclientversion is now 1.5.7-9.19626
[2022-12-24 00:29:59] Server started and is ready to accept connections!
[2022-12-24 00:29:59] To stop the server, type 'shutdown' or press Ctrl-C
[2022-12-24 00:29:59] Type 'help' for a list of commands.
[2022-12-24 00:29:59] CONNECT: zaton connected (IP: 127.0.0.1  Serial: 9F9B2E173D6A3E6B999F7DCB30480170  Version: 1.5.9-9.21437.1)
[2022-12-24 00:29:59] JOIN: zaton joined the game (IP: 127.0.0.1)
[2022-12-24 00:31:06] QUIT: zaton left the game [Quit]
[2022-12-24 00:31:07] Server stopped!
[2022-12-24 00:31:07] Stopping resources..........
[2022-12-24 00:31:07] Closing SQLite3 database
==================================================================
= Multi Theft Auto: San Andreas v1.5.9
==================================================================
= Server name      : Map Editor Server
= Server IP address: auto
= Server port      : 22010
= 
= Log file         : ..rver/mods/deathmatch/logs/editor_server.log
= Maximum players  : 1
= HTTP port        : 22011
= Voice Chat       : Disabled
= Bandwidth saving : None
==================================================================
[2022-12-24 00:44:28] Resource 'acpanel' requests some acl rights. Use the command 'aclrequest list acpanel'
[2022-12-24 00:44:29] Resources: 199 loaded, 0 failed
[2022-12-24 00:44:29] Starting resources...
[2022-12-24 00:44:29] Server minclientversion is now 1.5.7-9.19626
[2022-12-24 00:44:30] Server started and is ready to accept connections!
[2022-12-24 00:44:30] To stop the server, type 'shutdown' or press Ctrl-C
[2022-12-24 00:44:30] Type 'help' for a list of commands.
[2022-12-24 00:44:30] CONNECT: zaton connected (IP: 127.0.0.1  Serial: 9F9B2E173D6A3E6B999F7DCB30480170  Version: 1.5.9-9.21437.1)
[2022-12-24 00:44:30] JOIN: zaton joined the game (IP: 127.0.0.1)
[2022-12-24 01:09:21] QUIT: zaton left the game [Quit]
[2022-12-24 01:09:22] Server stopped!
[2022-12-24 01:09:22] Stopping resources..........
[2022-12-24 01:09:22] Closing SQLite3 database
==================================================================
= Multi Theft Auto: San Andreas v1.5.9
==================================================================
= Server name      : Map Editor Server
= Server IP address: auto
= Server port      : 22010
= 
= Log file         : ..rver/mods/deathmatch/logs/editor_server.log
= Maximum players  : 1
= HTTP port        : 22011
= Voice Chat       : Disabled
= Bandwidth saving : None
==================================================================
[2022-12-24 01:10:58] Resource 'acpanel' requests some acl rights. Use the command 'aclrequest list acpanel'
[2022-12-24 01:11:00] Resources: 199 loaded, 0 failed
[2022-12-24 01:11:00] Starting resources...
[2022-12-24 01:11:00] Server minclientversion is now 1.5.7-9.19626
[2022-12-24 01:11:00] Server started and is ready to accept connections!
[2022-12-24 01:11:00] To stop the server, type 'shutdown' or press Ctrl-C
[2022-12-24 01:11:00] Type 'help' for a list of commands.
[2022-12-24 01:11:00] CONNECT: zaton connected (IP: 127.0.0.1  Serial: 9F9B2E173D6A3E6B999F7DCB30480170  Version: 1.5.9-9.21437.1)
[2022-12-24 01:11:00] JOIN: zaton joined the game (IP: 127.0.0.1)
[2022-12-24 01:13:46] QUIT: zaton left the game [Quit]
[2022-12-24 01:13:47] Server stopped!
[2022-12-24 01:13:47] Stopping resources..........
[2022-12-24 01:13:47] Closing SQLite3 database
