[23-05-20 20:43:44] [ 20:43:44 | 20/5/2023 ] > [LockCode-Key = 229060] $ [RF MAPPER] A inicialização foi autorizada!
[23-05-20 20:43:44] [RF MAPPER] - RESOURCE: apartmanytxd Ativado com Sucesso! 
[23-05-20 20:43:44] Trust Store | Licenca ativada com sucesso!
[23-05-20 20:43:44] [ 20:43:45 | 20/5/2023 ] > [LockCode-Key = 923760] $ [RF MAPPER] A inicialização foi autorizada!
[23-05-20 20:43:44] [RF MAPPER] - RESOURCE: bankatxd Ativado com Sucesso! 
[23-05-20 20:43:45] [ 20:43:45 | 20/5/2023 ] > [LockCode-Key = 749630] $ [RF MAPPER] A inicialização foi autorizada!
[23-05-20 20:43:45] [RF MAPPER] - RESOURCE: zlatnictvitxd Ativado com Sucesso! 
[23-05-21 05:27:02] [ 5:27:3 | 21/5/2023 ] > [LockCode-Key = 606705] $ [RF MAPPER] A inicialização foi autorizada!
[23-05-21 05:27:02] [RF MAPPER] - RESOURCE: apartmanytxd Ativado com Sucesso! 
[23-05-21 05:27:03] [ 5:27:3 | 21/5/2023 ] > [LockCode-Key = 951690] $ [RF MAPPER] A inicialização foi autorizada!
[23-05-21 05:27:03] [RF MAPPER] - RESOURCE: bankatxd Ativado com Sucesso! 
[23-05-21 05:27:03] [ 5:27:4 | 21/5/2023 ] > [LockCode-Key = 722290] $ [RF MAPPER] A inicialização foi autorizada!
[23-05-21 05:27:03] [RF MAPPER] - RESOURCE: zlatnictvitxd Ativado com Sucesso! 
[23-05-21 05:27:04] Trust Store | Licenca ativada com sucesso!
[23-05-21 17:58:52] [ 17:58:52 | 21/5/2023 ] > [LockCode-Key = 946340] $ [RF MAPPER] A inicialização foi autorizada!
[23-05-21 17:58:52] [RF MAPPER] - RESOURCE: apartmanytxd Ativado com Sucesso! 
[23-05-21 17:58:52] [ 17:58:53 | 21/5/2023 ] > [LockCode-Key = 843075] $ [RF MAPPER] A inicialização foi autorizada!
[23-05-21 17:58:52] [RF MAPPER] - RESOURCE: bankatxd Ativado com Sucesso! 
[23-05-21 17:58:52] Trust Store | Licenca ativada com sucesso!
[23-05-21 17:58:53] [ 17:58:53 | 21/5/2023 ] > [LockCode-Key = 136960] $ [RF MAPPER] A inicialização foi autorizada!
[23-05-21 17:58:53] [RF MAPPER] - RESOURCE: zlatnictvitxd Ativado com Sucesso! 
[23-05-22 05:27:04] [ 5:27:5 | 22/5/2023 ] > [LockCode-Key = 131510] $ [RF MAPPER] A inicialização foi autorizada!
[23-05-22 05:27:04] [RF MAPPER] - RESOURCE: apartmanytxd Ativado com Sucesso! 
[23-05-22 05:27:05] Trust Store | Licenca ativada com sucesso!
[23-05-22 05:27:05] [ 5:27:5 | 22/5/2023 ] > [LockCode-Key = 995215] $ [RF MAPPER] A inicialização foi autorizada!
[23-05-22 05:27:05] [RF MAPPER] - RESOURCE: bankatxd Ativado com Sucesso! 
[23-05-22 05:27:05] [ 5:27:6 | 22/5/2023 ] > [LockCode-Key = 971300] $ [RF MAPPER] A inicialização foi autorizada!
[23-05-22 05:27:05] [RF MAPPER] - RESOURCE: zlatnictvitxd Ativado com Sucesso! 
[23-05-22 18:21:34] [ 18:21:34 | 22/5/2023 ] > [LockCode-Key = 625005] $ [RF MAPPER] A inicialização foi autorizada!
[23-05-22 18:21:34] [RF MAPPER] - RESOURCE: apartmanytxd Ativado com Sucesso! 
[23-05-22 18:21:34] Trust Store | Licenca ativada com sucesso!
[23-05-22 18:21:34] [ 18:21:35 | 22/5/2023 ] > [LockCode-Key = 708175] $ [RF MAPPER] A inicialização foi autorizada!
[23-05-22 18:21:34] [RF MAPPER] - RESOURCE: bankatxd Ativado com Sucesso! 
[23-05-22 18:21:35] [ 18:21:35 | 22/5/2023 ] > [LockCode-Key = 41935] $ [RF MAPPER] A inicialização foi autorizada!
[23-05-22 18:21:35] [RF MAPPER] - RESOURCE: zlatnictvitxd Ativado com Sucesso! 
[23-05-23 05:27:01] [ 5:27:2 | 23/5/2023 ] > [LockCode-Key = 903740] $ [RF MAPPER] A inicialização foi autorizada!
[23-05-23 05:27:01] [RF MAPPER] - RESOURCE: apartmanytxd Ativado com Sucesso! 
[23-05-23 05:27:01] Trust Store | Licenca ativada com sucesso!
[23-05-23 05:27:02] [ 5:27:2 | 23/5/2023 ] > [LockCode-Key = 333825] $ [RF MAPPER] A inicialização foi autorizada!
[23-05-23 05:27:02] [RF MAPPER] - RESOURCE: bankatxd Ativado com Sucesso! 
[23-05-23 05:27:02] [ 5:27:3 | 23/5/2023 ] > [LockCode-Key = 78510] $ [RF MAPPER] A inicialização foi autorizada!
[23-05-23 05:27:02] [RF MAPPER] - RESOURCE: zlatnictvitxd Ativado com Sucesso! 
[23-05-24 05:27:04] [ 5:27:4 | 24/5/2023 ] > [LockCode-Key = 987705] $ [RF MAPPER] A inicialização foi autorizada!
[23-05-24 05:27:04] [RF MAPPER] - RESOURCE: apartmanytxd Ativado com Sucesso! 
[23-05-24 05:27:04] Trust Store | Licenca ativada com sucesso!
[23-05-24 05:27:04] [ 5:27:5 | 24/5/2023 ] > [LockCode-Key = 131395] $ [RF MAPPER] A inicialização foi autorizada!
[23-05-24 05:27:04] [RF MAPPER] - RESOURCE: bankatxd Ativado com Sucesso! 
[23-05-24 05:27:05] [ 5:27:5 | 24/5/2023 ] > [LockCode-Key = 385285] $ [RF MAPPER] A inicialização foi autorizada!
[23-05-24 05:27:05] [RF MAPPER] - RESOURCE: zlatnictvitxd Ativado com Sucesso! 
[23-05-25 05:27:03] [ 5:27:3 | 25/5/2023 ] > [LockCode-Key = 861815] $ [RF MAPPER] A inicialização foi autorizada!
[23-05-25 05:27:03] [RF MAPPER] - RESOURCE: apartmanytxd Ativado com Sucesso! 
[23-05-25 05:27:03] Trust Store | Licenca ativada com sucesso!
[23-05-25 05:27:03] [ 5:27:4 | 25/5/2023 ] > [LockCode-Key = 682145] $ [RF MAPPER] A inicialização foi autorizada!
[23-05-25 05:27:03] [RF MAPPER] - RESOURCE: bankatxd Ativado com Sucesso! 
[23-05-25 05:27:04] [ 5:27:4 | 25/5/2023 ] > [LockCode-Key = 626220] $ [RF MAPPER] A inicialização foi autorizada!
[23-05-25 05:27:04] [RF MAPPER] - RESOURCE: zlatnictvitxd Ativado com Sucesso! 
[23-05-26 05:27:05] [ 5:27:5 | 26/5/2023 ] > [LockCode-Key = 76195] $ [RF MAPPER] A inicialização foi autorizada!
[23-05-26 05:27:05] [RF MAPPER] - RESOURCE: apartmanytxd Ativado com Sucesso! 
[23-05-26 05:27:05] Trust Store | Licenca ativada com sucesso!
[23-05-26 05:27:05] [ 5:27:6 | 26/5/2023 ] > [LockCode-Key = 698610] $ [RF MAPPER] A inicialização foi autorizada!
[23-05-26 05:27:05] [RF MAPPER] - RESOURCE: bankatxd Ativado com Sucesso! 
[23-05-26 05:27:06] [ 5:27:6 | 26/5/2023 ] > [LockCode-Key = 204830] $ [RF MAPPER] A inicialização foi autorizada!
[23-05-26 05:27:06] [RF MAPPER] - RESOURCE: zlatnictvitxd Ativado com Sucesso! 
[23-05-27 05:27:03] [ 5:27:4 | 27/5/2023 ] > [LockCode-Key = 933585] $ [RF MAPPER] A inicialização foi autorizada!
[23-05-27 05:27:03] [RF MAPPER] - RESOURCE: apartmanytxd Ativado com Sucesso! 
[23-05-27 05:27:04] Trust Store | Licenca ativada com sucesso!
[23-05-27 05:27:04] [ 5:27:4 | 27/5/2023 ] > [LockCode-Key = 954305] $ [RF MAPPER] A inicialização foi autorizada!
[23-05-27 05:27:04] [RF MAPPER] - RESOURCE: bankatxd Ativado com Sucesso! 
[23-05-27 05:27:05] [ 5:27:5 | 27/5/2023 ] > [LockCode-Key = 524650] $ [RF MAPPER] A inicialização foi autorizada!
[23-05-27 05:27:05] [RF MAPPER] - RESOURCE: zlatnictvitxd Ativado com Sucesso! 
[23-05-28 05:27:03] [ 5:27:4 | 28/5/2023 ] > [LockCode-Key = 428760] $ [RF MAPPER] A inicialização foi autorizada!
[23-05-28 05:27:03] [RF MAPPER] - RESOURCE: apartmanytxd Ativado com Sucesso! 
[23-05-28 05:27:03] Trust Store | Licenca ativada com sucesso!
[23-05-28 05:27:04] [ 5:27:4 | 28/5/2023 ] > [LockCode-Key = 210985] $ [RF MAPPER] A inicialização foi autorizada!
[23-05-28 05:27:04] [RF MAPPER] - RESOURCE: bankatxd Ativado com Sucesso! 
[23-05-28 05:27:04] [ 5:27:5 | 28/5/2023 ] > [LockCode-Key = 614675] $ [RF MAPPER] A inicialização foi autorizada!
[23-05-28 05:27:04] [RF MAPPER] - RESOURCE: zlatnictvitxd Ativado com Sucesso! 
[23-05-28 21:30:44] [ 21:30:45 | 28/5/2023 ] > [LockCode-Key = 912930] $ [RF MAPPER] A inicialização foi autorizada!
[23-05-28 21:30:44] [RF MAPPER] - RESOURCE: apartmanytxd Ativado com Sucesso! 
[23-05-28 21:30:45] Trust Store | Licenca ativada com sucesso!
[23-05-28 21:30:45] [ 21:30:45 | 28/5/2023 ] > [LockCode-Key = 922550] $ [RF MAPPER] A inicialização foi autorizada!
[23-05-28 21:30:45] [RF MAPPER] - RESOURCE: bankatxd Ativado com Sucesso! 
[23-05-28 21:30:46] [ 21:30:46 | 28/5/2023 ] > [LockCode-Key = 687525] $ [RF MAPPER] A inicialização foi autorizada!
[23-05-28 21:30:46] [RF MAPPER] - RESOURCE: zlatnictvitxd Ativado com Sucesso! 
[23-05-29 05:27:04] [ 5:27:5 | 29/5/2023 ] > [LockCode-Key = 106325] $ [RF MAPPER] A inicialização foi autorizada!
[23-05-29 05:27:04] [RF MAPPER] - RESOURCE: apartmanytxd Ativado com Sucesso! 
[23-05-29 05:27:05] Trust Store | Licenca ativada com sucesso!
[23-05-29 05:27:05] [ 5:27:5 | 29/5/2023 ] > [LockCode-Key = 232455] $ [RF MAPPER] A inicialização foi autorizada!
[23-05-29 05:27:05] [RF MAPPER] - RESOURCE: bankatxd Ativado com Sucesso! 
[23-05-29 05:27:05] [ 5:27:6 | 29/5/2023 ] > [LockCode-Key = 731110] $ [RF MAPPER] A inicialização foi autorizada!
[23-05-29 05:27:05] [RF MAPPER] - RESOURCE: zlatnictvitxd Ativado com Sucesso! 
[23-05-30 05:27:02] [ 5:27:2 | 30/5/2023 ] > [LockCode-Key = 118395] $ [RF MAPPER] A inicialização foi autorizada!
[23-05-30 05:27:02] [RF MAPPER] - RESOURCE: apartmanytxd Ativado com Sucesso! 
[23-05-30 05:27:02] Trust Store | Licenca ativada com sucesso!
[23-05-30 05:27:02] [ 5:27:3 | 30/5/2023 ] > [LockCode-Key = 17965] $ [RF MAPPER] A inicialização foi autorizada!
[23-05-30 05:27:02] [RF MAPPER] - RESOURCE: bankatxd Ativado com Sucesso! 
[23-05-30 05:27:03] [ 5:27:3 | 30/5/2023 ] > [LockCode-Key = 10770] $ [RF MAPPER] A inicialização foi autorizada!
[23-05-30 05:27:03] [RF MAPPER] - RESOURCE: zlatnictvitxd Ativado com Sucesso! 
[23-05-31 05:27:07] [ 5:27:8 | 31/5/2023 ] > [LockCode-Key = 759270] $ [RF MAPPER] A inicialização foi autorizada!
[23-05-31 05:27:07] [RF MAPPER] - RESOURCE: apartmanytxd Ativado com Sucesso! 
[23-05-31 05:27:08] Trust Store | Licenca ativada com sucesso!
[23-05-31 05:27:08] [ 5:27:8 | 31/5/2023 ] > [LockCode-Key = 563040] $ [RF MAPPER] A inicialização foi autorizada!
[23-05-31 05:27:08] [RF MAPPER] - RESOURCE: bankatxd Ativado com Sucesso! 
[23-05-31 05:27:08] [ 5:27:9 | 31/5/2023 ] > [LockCode-Key = 471300] $ [RF MAPPER] A inicialização foi autorizada!
[23-05-31 05:27:08] [RF MAPPER] - RESOURCE: zlatnictvitxd Ativado com Sucesso! 
[23-06-01 05:27:03] [ 5:27:4 | 1/6/2023 ] > [LockCode-Key = 436130] $ [RF MAPPER] A inicialização foi autorizada!
[23-06-01 05:27:03] [RF MAPPER] - RESOURCE: apartmanytxd Ativado com Sucesso! 
[23-06-01 05:27:03] Trust Store | Licenca ativada com sucesso!
[23-06-01 05:27:04] [ 5:27:4 | 1/6/2023 ] > [LockCode-Key = 751295] $ [RF MAPPER] A inicialização foi autorizada!
[23-06-01 05:27:04] [RF MAPPER] - RESOURCE: bankatxd Ativado com Sucesso! 
[23-06-01 05:27:04] [ 5:27:5 | 1/6/2023 ] > [LockCode-Key = 524075] $ [RF MAPPER] A inicialização foi autorizada!
[23-06-01 05:27:04] [RF MAPPER] - RESOURCE: zlatnictvitxd Ativado com Sucesso! 
[23-06-02 05:27:06] [ 5:27:7 | 2/6/2023 ] > [LockCode-Key = 302570] $ [RF MAPPER] A inicialização foi autorizada!
[23-06-02 05:27:06] [RF MAPPER] - RESOURCE: apartmanytxd Ativado com Sucesso! 
[23-06-02 05:27:07] Trust Store | Licenca ativada com sucesso!
[23-06-02 05:27:07] [ 5:27:7 | 2/6/2023 ] > [LockCode-Key = 445335] $ [RF MAPPER] A inicialização foi autorizada!
[23-06-02 05:27:07] [RF MAPPER] - RESOURCE: bankatxd Ativado com Sucesso! 
[23-06-02 05:27:07] [ 5:27:7 | 2/6/2023 ] > [LockCode-Key = 970785] $ [RF MAPPER] A inicialização foi autorizada!
[23-06-02 05:27:07] [RF MAPPER] - RESOURCE: zlatnictvitxd Ativado com Sucesso! 
[23-06-03 05:27:03] [ 5:27:3 | 3/6/2023 ] > [LockCode-Key = 742325] $ [RF MAPPER] A inicialização foi autorizada!
[23-06-03 05:27:03] [RF MAPPER] - RESOURCE: apartmanytxd Ativado com Sucesso! 
[23-06-03 05:27:03] [ 5:27:4 | 3/6/2023 ] > [LockCode-Key = 397000] $ [RF MAPPER] A inicialização foi autorizada!
[23-06-03 05:27:03] [RF MAPPER] - RESOURCE: bankatxd Ativado com Sucesso! 
[23-06-03 05:27:04] [ 5:27:4 | 3/6/2023 ] > [LockCode-Key = 84755] $ [RF MAPPER] A inicialização foi autorizada!
[23-06-03 05:27:04] [RF MAPPER] - RESOURCE: zlatnictvitxd Ativado com Sucesso! 
[23-06-03 05:27:04] Trust Store | Licenca ativada com sucesso!
[23-06-04 05:27:04] [ 5:27:5 | 4/6/2023 ] > [LockCode-Key = 441850] $ [RF MAPPER] A inicialização foi autorizada!
[23-06-04 05:27:04] [RF MAPPER] - RESOURCE: apartmanytxd Ativado com Sucesso! 
[23-06-04 05:27:04] Trust Store | Licenca ativada com sucesso!
[23-06-04 05:27:05] [ 5:27:5 | 4/6/2023 ] > [LockCode-Key = 460705] $ [RF MAPPER] A inicialização foi autorizada!
[23-06-04 05:27:05] [RF MAPPER] - RESOURCE: bankatxd Ativado com Sucesso! 
[23-06-04 05:27:06] [ 5:27:6 | 4/6/2023 ] > [LockCode-Key = 35745] $ [RF MAPPER] A inicialização foi autorizada!
[23-06-04 05:27:06] [RF MAPPER] - RESOURCE: zlatnictvitxd Ativado com Sucesso! 
[23-06-04 17:15:59] [ 17:16:0 | 4/6/2023 ] > [LockCode-Key = 310525] $ [RF MAPPER] A inicialização foi autorizada!
[23-06-04 17:15:59] [RF MAPPER] - RESOURCE: apartmanytxd Ativado com Sucesso! 
[23-06-04 17:16:00] Trust Store | Licenca ativada com sucesso!
[23-06-04 17:16:00] [ 17:16:1 | 4/6/2023 ] > [LockCode-Key = 744100] $ [RF MAPPER] A inicialização foi autorizada!
[23-06-04 17:16:00] [RF MAPPER] - RESOURCE: bankatxd Ativado com Sucesso! 
[23-06-04 17:16:01] [ 17:16:1 | 4/6/2023 ] > [LockCode-Key = 611585] $ [RF MAPPER] A inicialização foi autorizada!
[23-06-04 17:16:01] [RF MAPPER] - RESOURCE: zlatnictvitxd Ativado com Sucesso! 
[23-06-05 05:27:07] [ 5:27:7 | 5/6/2023 ] > [LockCode-Key = 289800] $ [RF MAPPER] A inicialização foi autorizada!
[23-06-05 05:27:07] [RF MAPPER] - RESOURCE: apartmanytxd Ativado com Sucesso! 
[23-06-05 05:27:07] Trust Store | Licenca ativada com sucesso!
[23-06-05 05:27:07] [ 5:27:8 | 5/6/2023 ] > [LockCode-Key = 223065] $ [RF MAPPER] A inicialização foi autorizada!
[23-06-05 05:27:07] [RF MAPPER] - RESOURCE: bankatxd Ativado com Sucesso! 
[23-06-05 05:27:08] [ 5:27:8 | 5/6/2023 ] > [LockCode-Key = 297740] $ [RF MAPPER] A inicialização foi autorizada!
[23-06-05 05:27:08] [RF MAPPER] - RESOURCE: zlatnictvitxd Ativado com Sucesso! 
[23-06-05 17:18:56] [ 17:18:57 | 5/6/2023 ] > [LockCode-Key = 700100] $ [RF MAPPER] A inicialização foi autorizada!
[23-06-05 17:18:56] [RF MAPPER] - RESOURCE: apartmanytxd Ativado com Sucesso! 
[23-06-05 17:18:57] [ 17:18:57 | 5/6/2023 ] > [LockCode-Key = 874090] $ [RF MAPPER] A inicialização foi autorizada!
[23-06-05 17:18:57] [RF MAPPER] - RESOURCE: bankatxd Ativado com Sucesso! 
[23-06-05 17:18:57] Trust Store | Licenca ativada com sucesso!
[23-06-05 17:18:57] [ 17:18:58 | 5/6/2023 ] > [LockCode-Key = 390545] $ [RF MAPPER] A inicialização foi autorizada!
[23-06-05 17:18:57] [RF MAPPER] - RESOURCE: zlatnictvitxd Ativado com Sucesso! 
[23-06-06 05:27:03] [ 5:27:4 | 6/6/2023 ] > [LockCode-Key = 733310] $ [RF MAPPER] A inicialização foi autorizada!
[23-06-06 05:27:03] [RF MAPPER] - RESOURCE: apartmanytxd Ativado com Sucesso! 
[23-06-06 05:27:04] [ 5:27:4 | 6/6/2023 ] > [LockCode-Key = 318230] $ [RF MAPPER] A inicialização foi autorizada!
[23-06-06 05:27:04] [RF MAPPER] - RESOURCE: bankatxd Ativado com Sucesso! 
[23-06-06 05:27:05] [ 5:27:5 | 6/6/2023 ] > [LockCode-Key = 477720] $ [RF MAPPER] A inicialização foi autorizada!
[23-06-06 05:27:05] [RF MAPPER] - RESOURCE: zlatnictvitxd Ativado com Sucesso! 
[23-06-06 05:27:05] Trust Store | Licenca ativada com sucesso!
[23-06-07 05:27:07] [ 5:27:7 | 7/6/2023 ] > [LockCode-Key = 310105] $ [RF MAPPER] A inicialização foi autorizada!
[23-06-07 05:27:07] [RF MAPPER] - RESOURCE: apartmanytxd Ativado com Sucesso! 
[23-06-07 05:27:07] Trust Store | Licenca ativada com sucesso!
[23-06-07 05:27:08] [ 5:27:8 | 7/6/2023 ] > [LockCode-Key = 379135] $ [RF MAPPER] A inicialização foi autorizada!
[23-06-07 05:27:08] [RF MAPPER] - RESOURCE: bankatxd Ativado com Sucesso! 
[23-06-07 05:27:08] [ 5:27:8 | 7/6/2023 ] > [LockCode-Key = 342690] $ [RF MAPPER] A inicialização foi autorizada!
[23-06-07 05:27:08] [RF MAPPER] - RESOURCE: zlatnictvitxd Ativado com Sucesso! 
[23-06-07 22:37:08] [ 22:37:9 | 7/6/2023 ] > [LockCode-Key = 923100] $ [RF MAPPER] A inicialização foi autorizada!
[23-06-07 22:37:08] [RF MAPPER] - RESOURCE: apartmanytxd Ativado com Sucesso! 
[23-06-07 22:37:09] Trust Store | Licenca ativada com sucesso!
[23-06-07 22:37:09] [ 22:37:9 | 7/6/2023 ] > [LockCode-Key = 252990] $ [RF MAPPER] A inicialização foi autorizada!
[23-06-07 22:37:09] [RF MAPPER] - RESOURCE: bankatxd Ativado com Sucesso! 
[23-06-07 22:37:09] [ 22:37:10 | 7/6/2023 ] > [LockCode-Key = 344445] $ [RF MAPPER] A inicialização foi autorizada!
[23-06-07 22:37:09] [RF MAPPER] - RESOURCE: zlatnictvitxd Ativado com Sucesso! 
[23-06-08 05:27:02] [ 5:27:2 | 8/6/2023 ] > [LockCode-Key = 93055] $ [RF MAPPER] A inicialização foi autorizada!
[23-06-08 05:27:02] [RF MAPPER] - RESOURCE: apartmanytxd Ativado com Sucesso! 
[23-06-08 05:27:02] [ 5:27:3 | 8/6/2023 ] > [LockCode-Key = 150595] $ [RF MAPPER] A inicialização foi autorizada!
[23-06-08 05:27:02] [RF MAPPER] - RESOURCE: bankatxd Ativado com Sucesso! 
[23-06-08 05:27:02] Trust Store | Licenca ativada com sucesso!
[23-06-08 05:27:03] [ 5:27:3 | 8/6/2023 ] > [LockCode-Key = 572955] $ [RF MAPPER] A inicialização foi autorizada!
[23-06-08 05:27:03] [RF MAPPER] - RESOURCE: zlatnictvitxd Ativado com Sucesso! 
[23-06-09 05:27:08] [ 5:27:8 | 9/6/2023 ] > [LockCode-Key = 854190] $ [RF MAPPER] A inicialização foi autorizada!
[23-06-09 05:27:08] [RF MAPPER] - RESOURCE: apartmanytxd Ativado com Sucesso! 
[23-06-09 05:27:08] [ 5:27:9 | 9/6/2023 ] > [LockCode-Key = 283050] $ [RF MAPPER] A inicialização foi autorizada!
[23-06-09 05:27:08] [RF MAPPER] - RESOURCE: bankatxd Ativado com Sucesso! 
[23-06-09 05:27:09] [ 5:27:9 | 9/6/2023 ] > [LockCode-Key = 694260] $ [RF MAPPER] A inicialização foi autorizada!
[23-06-09 05:27:09] [RF MAPPER] - RESOURCE: zlatnictvitxd Ativado com Sucesso! 
[23-06-09 05:27:09] Trust Store | Licenca ativada com sucesso!
[23-06-10 05:27:04] Trust Store | Licenca ativada com sucesso!
[23-06-10 05:27:04] [ 5:27:4 | 10/6/2023 ] > [LockCode-Key = 773135] $ [RF MAPPER] A inicialização foi autorizada!
[23-06-10 05:27:04] [RF MAPPER] - RESOURCE: apartmanytxd Ativado com Sucesso! 
[23-06-10 05:27:04] [ 5:27:5 | 10/6/2023 ] > [LockCode-Key = 916680] $ [RF MAPPER] A inicialização foi autorizada!
[23-06-10 05:27:04] [RF MAPPER] - RESOURCE: bankatxd Ativado com Sucesso! 
[23-06-10 05:27:05] [ 5:27:5 | 10/6/2023 ] > [LockCode-Key = 458720] $ [RF MAPPER] A inicialização foi autorizada!
[23-06-10 05:27:05] [RF MAPPER] - RESOURCE: zlatnictvitxd Ativado com Sucesso! 
[23-06-11 05:27:04] [ 5:27:4 | 11/6/2023 ] > [LockCode-Key = 669920] $ [RF MAPPER] A inicialização foi autorizada!
[23-06-11 05:27:04] [RF MAPPER] - RESOURCE: apartmanytxd Ativado com Sucesso! 
[23-06-11 05:27:04] Trust Store | Licenca ativada com sucesso!
[23-06-11 05:27:04] [ 5:27:5 | 11/6/2023 ] > [LockCode-Key = 632355] $ [RF MAPPER] A inicialização foi autorizada!
[23-06-11 05:27:04] [RF MAPPER] - RESOURCE: bankatxd Ativado com Sucesso! 
[23-06-11 05:27:05] [ 5:27:5 | 11/6/2023 ] > [LockCode-Key = 709420] $ [RF MAPPER] A inicialização foi autorizada!
[23-06-11 05:27:05] [RF MAPPER] - RESOURCE: zlatnictvitxd Ativado com Sucesso! 
[23-06-12 05:27:05] [ 5:27:5 | 12/6/2023 ] > [LockCode-Key = 88635] $ [RF MAPPER] A inicialização foi autorizada!
[23-06-12 05:27:05] [RF MAPPER] - RESOURCE: apartmanytxd Ativado com Sucesso! 
[23-06-12 05:27:05] Trust Store | Licenca ativada com sucesso!
[23-06-12 05:27:05] [ 5:27:6 | 12/6/2023 ] > [LockCode-Key = 737155] $ [RF MAPPER] A inicialização foi autorizada!
[23-06-12 05:27:05] [RF MAPPER] - RESOURCE: bankatxd Ativado com Sucesso! 
[23-06-12 05:27:06] [ 5:27:6 | 12/6/2023 ] > [LockCode-Key = 415790] $ [RF MAPPER] A inicialização foi autorizada!
[23-06-12 05:27:06] [RF MAPPER] - RESOURCE: zlatnictvitxd Ativado com Sucesso! 
[23-06-13 05:27:03] [ 5:27:3 | 13/6/2023 ] > [LockCode-Key = 544375] $ [RF MAPPER] A inicialização foi autorizada!
[23-06-13 05:27:03] [RF MAPPER] - RESOURCE: apartmanytxd Ativado com Sucesso! 
[23-06-13 05:27:03] Trust Store | Licenca ativada com sucesso!
[23-06-13 05:27:03] [ 5:27:3 | 13/6/2023 ] > [LockCode-Key = 873400] $ [RF MAPPER] A inicialização foi autorizada!
[23-06-13 05:27:03] [RF MAPPER] - RESOURCE: bankatxd Ativado com Sucesso! 
[23-06-13 05:27:03] [ 5:27:4 | 13/6/2023 ] > [LockCode-Key = 102075] $ [RF MAPPER] A inicialização foi autorizada!
[23-06-13 05:27:04] [RF MAPPER] - RESOURCE: zlatnictvitxd Ativado com Sucesso! 
[23-06-14 05:27:07] Trust Store | Licenca ativada com sucesso!
[23-06-14 05:27:07] [ 5:27:8 | 14/6/2023 ] > [LockCode-Key = 846980] $ [RF MAPPER] A inicialização foi autorizada!
[23-06-14 05:27:07] [RF MAPPER] - RESOURCE: apartmanytxd Ativado com Sucesso! 
[23-06-14 05:27:08] [ 5:27:8 | 14/6/2023 ] > [LockCode-Key = 79395] $ [RF MAPPER] A inicialização foi autorizada!
[23-06-14 05:27:08] [RF MAPPER] - RESOURCE: bankatxd Ativado com Sucesso! 
[23-06-14 05:27:08] [ 5:27:8 | 14/6/2023 ] > [LockCode-Key = 732095] $ [RF MAPPER] A inicialização foi autorizada!
[23-06-14 05:27:08] [RF MAPPER] - RESOURCE: zlatnictvitxd Ativado com Sucesso! 
[23-06-15 05:26:59] [ 5:26:59 | 15/6/2023 ] > [LockCode-Key = 516420] $ [RF MAPPER] A inicialização foi autorizada!
[23-06-15 05:26:59] [RF MAPPER] - RESOURCE: apartmanytxd Ativado com Sucesso! 
[23-06-15 05:26:59] Trust Store | Licenca ativada com sucesso!
[23-06-15 05:26:59] [ 5:27:0 | 15/6/2023 ] > [LockCode-Key = 209525] $ [RF MAPPER] A inicialização foi autorizada!
[23-06-15 05:26:59] [RF MAPPER] - RESOURCE: bankatxd Ativado com Sucesso! 
[23-06-15 05:27:00] [ 5:27:0 | 15/6/2023 ] > [LockCode-Key = 534630] $ [RF MAPPER] A inicialização foi autorizada!
[23-06-15 05:27:00] [RF MAPPER] - RESOURCE: zlatnictvitxd Ativado com Sucesso! 
[23-06-16 05:27:04] Trust Store | Licenca ativada com sucesso!
[23-06-16 05:27:04] [ 5:27:4 | 16/6/2023 ] > [LockCode-Key = 639485] $ [RF MAPPER] A inicialização foi autorizada!
[23-06-16 05:27:04] [RF MAPPER] - RESOURCE: apartmanytxd Ativado com Sucesso! 
[23-06-16 05:27:04] [ 5:27:5 | 16/6/2023 ] > [LockCode-Key = 780785] $ [RF MAPPER] A inicialização foi autorizada!
[23-06-16 05:27:04] [RF MAPPER] - RESOURCE: bankatxd Ativado com Sucesso! 
[23-06-16 05:27:05] [ 5:27:5 | 16/6/2023 ] > [LockCode-Key = 434760] $ [RF MAPPER] A inicialização foi autorizada!
[23-06-16 05:27:05] [RF MAPPER] - RESOURCE: zlatnictvitxd Ativado com Sucesso! 
[23-06-17 05:26:56] [ 5:26:56 | 17/6/2023 ] > [LockCode-Key = 45660] $ [RF MAPPER] A inicialização foi autorizada!
[23-06-17 05:26:56] [RF MAPPER] - RESOURCE: apartmanytxd Ativado com Sucesso! 
[23-06-17 05:26:56] [ 5:26:57 | 17/6/2023 ] > [LockCode-Key = 717485] $ [RF MAPPER] A inicialização foi autorizada!
[23-06-17 05:26:56] [RF MAPPER] - RESOURCE: bankatxd Ativado com Sucesso! 
[23-06-17 05:26:57] [ 5:26:57 | 17/6/2023 ] > [LockCode-Key = 883190] $ [RF MAPPER] A inicialização foi autorizada!
[23-06-17 05:26:57] [RF MAPPER] - RESOURCE: zlatnictvitxd Ativado com Sucesso! 
[23-06-17 05:26:57] Trust Store | Licenca ativada com sucesso!
[23-06-17 23:50:56] [ 23:50:56 | 17/6/2023 ] > [LockCode-Key = 963030] $ [RF MAPPER] A inicialização foi autorizada!
[23-06-17 23:50:56] [RF MAPPER] - RESOURCE: apartmanytxd Ativado com Sucesso! 
[23-06-17 23:50:56] Trust Store | Licenca ativada com sucesso!
[23-06-17 23:50:56] [ 23:50:57 | 17/6/2023 ] > [LockCode-Key = 397110] $ [RF MAPPER] A inicialização foi autorizada!
[23-06-17 23:50:56] [RF MAPPER] - RESOURCE: bankatxd Ativado com Sucesso! 
[23-06-17 23:50:57] [ 23:50:57 | 17/6/2023 ] > [LockCode-Key = 668690] $ [RF MAPPER] A inicialização foi autorizada!
[23-06-17 23:50:57] [RF MAPPER] - RESOURCE: zlatnictvitxd Ativado com Sucesso! 
[23-06-18 05:26:58] [ 5:26:58 | 18/6/2023 ] > [LockCode-Key = 12465] $ [RF MAPPER] A inicialização foi autorizada!
[23-06-18 05:26:58] [RF MAPPER] - RESOURCE: apartmanytxd Ativado com Sucesso! 
[23-06-18 05:26:58] Trust Store | Licenca ativada com sucesso!
[23-06-18 05:26:58] [ 5:26:59 | 18/6/2023 ] > [LockCode-Key = 664055] $ [RF MAPPER] A inicialização foi autorizada!
[23-06-18 05:26:58] [RF MAPPER] - RESOURCE: bankatxd Ativado com Sucesso! 
[23-06-18 05:26:59] [ 5:26:59 | 18/6/2023 ] > [LockCode-Key = 806180] $ [RF MAPPER] A inicialização foi autorizada!
[23-06-18 05:26:59] [RF MAPPER] - RESOURCE: zlatnictvitxd Ativado com Sucesso! 
[23-06-19 05:27:01] Trust Store | Licenca ativada com sucesso!
[23-06-19 05:27:01] [ 5:27:1 | 19/6/2023 ] > [LockCode-Key = 191885] $ [RF MAPPER] A inicialização foi autorizada!
[23-06-19 05:27:01] [RF MAPPER] - RESOURCE: apartmanytxd Ativado com Sucesso! 
[23-06-19 05:27:01] [ 5:27:2 | 19/6/2023 ] > [LockCode-Key = 207005] $ [RF MAPPER] A inicialização foi autorizada!
[23-06-19 05:27:01] [RF MAPPER] - RESOURCE: bankatxd Ativado com Sucesso! 
[23-06-19 05:27:02] [ 5:27:2 | 19/6/2023 ] > [LockCode-Key = 7485] $ [RF MAPPER] A inicialização foi autorizada!
[23-06-19 05:27:02] [RF MAPPER] - RESOURCE: zlatnictvitxd Ativado com Sucesso! 
[23-06-20 05:27:01] Trust Store | Licenca ativada com sucesso!
[23-06-20 05:27:01] [ 5:27:1 | 20/6/2023 ] > [LockCode-Key = 537355] $ [RF MAPPER] A inicialização foi autorizada!
[23-06-20 05:27:01] [RF MAPPER] - RESOURCE: apartmanytxd Ativado com Sucesso! 
[23-06-20 05:27:01] [ 5:27:2 | 20/6/2023 ] > [LockCode-Key = 395145] $ [RF MAPPER] A inicialização foi autorizada!
[23-06-20 05:27:01] [RF MAPPER] - RESOURCE: bankatxd Ativado com Sucesso! 
[23-06-20 05:27:02] [ 5:27:2 | 20/6/2023 ] > [LockCode-Key = 569095] $ [RF MAPPER] A inicialização foi autorizada!
[23-06-20 05:27:02] [RF MAPPER] - RESOURCE: zlatnictvitxd Ativado com Sucesso! 
[23-06-21 05:27:02] [ 5:27:2 | 21/6/2023 ] > [LockCode-Key = 118090] $ [RF MAPPER] A inicialização foi autorizada!
[23-06-21 05:27:02] [RF MAPPER] - RESOURCE: apartmanytxd Ativado com Sucesso! 
[23-06-21 05:27:02] Trust Store | Licenca ativada com sucesso!
[23-06-21 05:27:02] [ 5:27:3 | 21/6/2023 ] > [LockCode-Key = 491150] $ [RF MAPPER] A inicialização foi autorizada!
[23-06-21 05:27:02] [RF MAPPER] - RESOURCE: bankatxd Ativado com Sucesso! 
[23-06-21 05:27:03] [ 5:27:3 | 21/6/2023 ] > [LockCode-Key = 29775] $ [RF MAPPER] A inicialização foi autorizada!
[23-06-21 05:27:03] [RF MAPPER] - RESOURCE: zlatnictvitxd Ativado com Sucesso! 
[23-06-22 05:27:00] [ 5:27:0 | 22/6/2023 ] > [LockCode-Key = 588505] $ [RF MAPPER] A inicialização foi autorizada!
[23-06-22 05:27:00] [RF MAPPER] - RESOURCE: apartmanytxd Ativado com Sucesso! 
[23-06-22 05:27:00] Trust Store | Licenca ativada com sucesso!
[23-06-22 05:27:00] [ 5:27:1 | 22/6/2023 ] > [LockCode-Key = 473665] $ [RF MAPPER] A inicialização foi autorizada!
[23-06-22 05:27:00] [RF MAPPER] - RESOURCE: bankatxd Ativado com Sucesso! 
[23-06-22 05:27:01] [ 5:27:1 | 22/6/2023 ] > [LockCode-Key = 694855] $ [RF MAPPER] A inicialização foi autorizada!
[23-06-22 05:27:01] [RF MAPPER] - RESOURCE: zlatnictvitxd Ativado com Sucesso! 
[23-06-23 05:27:01] [ 5:27:1 | 23/6/2023 ] > [LockCode-Key = 513050] $ [RF MAPPER] A inicialização foi autorizada!
[23-06-23 05:27:01] [RF MAPPER] - RESOURCE: apartmanytxd Ativado com Sucesso! 
[23-06-23 05:27:01] [ 5:27:2 | 23/6/2023 ] > [LockCode-Key = 536200] $ [RF MAPPER] A inicialização foi autorizada!
[23-06-23 05:27:01] [RF MAPPER] - RESOURCE: bankatxd Ativado com Sucesso! 
[23-06-23 05:27:01] Trust Store | Licenca ativada com sucesso!
[23-06-23 05:27:02] [ 5:27:2 | 23/6/2023 ] > [LockCode-Key = 878480] $ [RF MAPPER] A inicialização foi autorizada!
[23-06-23 05:27:02] [RF MAPPER] - RESOURCE: zlatnictvitxd Ativado com Sucesso! 
[23-06-24 05:26:59] [ 5:26:59 | 24/6/2023 ] > [LockCode-Key = 980240] $ [RF MAPPER] A inicialização foi autorizada!
[23-06-24 05:26:59] [RF MAPPER] - RESOURCE: apartmanytxd Ativado com Sucesso! 
[23-06-24 05:26:59] [ 5:27:0 | 24/6/2023 ] > [LockCode-Key = 22790] $ [RF MAPPER] A inicialização foi autorizada!
[23-06-24 05:26:59] [RF MAPPER] - RESOURCE: bankatxd Ativado com Sucesso! 
[23-06-24 05:27:00] [ 5:27:0 | 24/6/2023 ] > [LockCode-Key = 235060] $ [RF MAPPER] A inicialização foi autorizada!
[23-06-24 05:27:00] [RF MAPPER] - RESOURCE: zlatnictvitxd Ativado com Sucesso! 
[23-06-24 05:27:00] Trust Store | Licenca ativada com sucesso!
[23-06-25 05:27:00] [ 5:27:0 | 25/6/2023 ] > [LockCode-Key = 366490] $ [RF MAPPER] A inicialização foi autorizada!
[23-06-25 05:27:00] [RF MAPPER] - RESOURCE: apartmanytxd Ativado com Sucesso! 
[23-06-25 05:27:00] Trust Store | Licenca ativada com sucesso!
[23-06-25 05:27:00] [ 5:27:1 | 25/6/2023 ] > [LockCode-Key = 254255] $ [RF MAPPER] A inicialização foi autorizada!
[23-06-25 05:27:00] [RF MAPPER] - RESOURCE: bankatxd Ativado com Sucesso! 
[23-06-25 05:27:01] [ 5:27:1 | 25/6/2023 ] > [LockCode-Key = 507365] $ [RF MAPPER] A inicialização foi autorizada!
[23-06-25 05:27:01] [RF MAPPER] - RESOURCE: zlatnictvitxd Ativado com Sucesso! 
[23-06-26 05:27:05] [ 5:27:6 | 26/6/2023 ] > [LockCode-Key = 406125] $ [RF MAPPER] A inicialização foi autorizada!
[23-06-26 05:27:05] [RF MAPPER] - RESOURCE: apartmanytxd Ativado com Sucesso! 
[23-06-26 05:27:05] Trust Store | Licenca ativada com sucesso!
[23-06-26 05:27:06] [ 5:27:6 | 26/6/2023 ] > [LockCode-Key = 225480] $ [RF MAPPER] A inicialização foi autorizada!
[23-06-26 05:27:06] [RF MAPPER] - RESOURCE: bankatxd Ativado com Sucesso! 
[23-06-26 05:27:06] [ 5:27:6 | 26/6/2023 ] > [LockCode-Key = 879550] $ [RF MAPPER] A inicialização foi autorizada!
[23-06-26 05:27:06] [RF MAPPER] - RESOURCE: zlatnictvitxd Ativado com Sucesso! 
[23-06-27 05:26:58] [ 5:26:59 | 27/6/2023 ] > [LockCode-Key = 58805] $ [RF MAPPER] A inicialização foi autorizada!
[23-06-27 05:26:59] [RF MAPPER] - RESOURCE: apartmanytxd Ativado com Sucesso! 
[23-06-27 05:26:59] Trust Store | Licenca ativada com sucesso!
[23-06-27 05:26:59] [ 5:27:0 | 27/6/2023 ] > [LockCode-Key = 294710] $ [RF MAPPER] A inicialização foi autorizada!
[23-06-27 05:26:59] [RF MAPPER] - RESOURCE: bankatxd Ativado com Sucesso! 
[23-06-27 05:27:00] [ 5:27:0 | 27/6/2023 ] > [LockCode-Key = 235345] $ [RF MAPPER] A inicialização foi autorizada!
[23-06-27 05:27:00] [RF MAPPER] - RESOURCE: zlatnictvitxd Ativado com Sucesso! 
[23-06-28 05:27:01] [ 5:27:1 | 28/6/2023 ] > [LockCode-Key = 601225] $ [RF MAPPER] A inicialização foi autorizada!
[23-06-28 05:27:01] [RF MAPPER] - RESOURCE: apartmanytxd Ativado com Sucesso! 
[23-06-28 05:27:01] Trust Store | Licenca ativada com sucesso!
[23-06-28 05:27:01] [ 5:27:2 | 28/6/2023 ] > [LockCode-Key = 298485] $ [RF MAPPER] A inicialização foi autorizada!
[23-06-28 05:27:01] [RF MAPPER] - RESOURCE: bankatxd Ativado com Sucesso! 
[23-06-28 05:27:02] [ 5:27:3 | 28/6/2023 ] > [LockCode-Key = 812810] $ [RF MAPPER] A inicialização foi autorizada!
[23-06-28 05:27:02] [RF MAPPER] - RESOURCE: zlatnictvitxd Ativado com Sucesso! 
[23-06-29 05:27:00] [ 5:27:1 | 29/6/2023 ] > [LockCode-Key = 732375] $ [RF MAPPER] A inicialização foi autorizada!
[23-06-29 05:27:00] [RF MAPPER] - RESOURCE: apartmanytxd Ativado com Sucesso! 
[23-06-29 05:27:01] Trust Store | Licenca ativada com sucesso!
[23-06-29 05:27:01] [ 5:27:1 | 29/6/2023 ] > [LockCode-Key = 993895] $ [RF MAPPER] A inicialização foi autorizada!
[23-06-29 05:27:01] [RF MAPPER] - RESOURCE: bankatxd Ativado com Sucesso! 
[23-06-29 05:27:01] [ 5:27:2 | 29/6/2023 ] > [LockCode-Key = 358805] $ [RF MAPPER] A inicialização foi autorizada!
[23-06-29 05:27:01] [RF MAPPER] - RESOURCE: zlatnictvitxd Ativado com Sucesso! 
[23-06-30 05:27:02] [ 5:27:2 | 30/6/2023 ] > [LockCode-Key = 275355] $ [RF MAPPER] A inicialização foi autorizada!
[23-06-30 05:27:02] [RF MAPPER] - RESOURCE: apartmanytxd Ativado com Sucesso! 
[23-06-30 05:27:02] Trust Store | Licenca ativada com sucesso!
[23-06-30 05:27:02] [ 5:27:3 | 30/6/2023 ] > [LockCode-Key = 406235] $ [RF MAPPER] A inicialização foi autorizada!
[23-06-30 05:27:02] [RF MAPPER] - RESOURCE: bankatxd Ativado com Sucesso! 
[23-06-30 05:27:03] [ 5:27:3 | 30/6/2023 ] > [LockCode-Key = 581520] $ [RF MAPPER] A inicialização foi autorizada!
[23-06-30 05:27:03] [RF MAPPER] - RESOURCE: zlatnictvitxd Ativado com Sucesso! 
[23-07-01 05:26:59] [ 5:26:59 | 1/7/2023 ] > [LockCode-Key = 596035] $ [RF MAPPER] A inicialização foi autorizada!
[23-07-01 05:26:59] [RF MAPPER] - RESOURCE: apartmanytxd Ativado com Sucesso! 
[23-07-01 05:26:59] Trust Store | Licenca ativada com sucesso!
[23-07-01 05:26:59] [ 5:27:0 | 1/7/2023 ] > [LockCode-Key = 685405] $ [RF MAPPER] A inicialização foi autorizada!
[23-07-01 05:26:59] [RF MAPPER] - RESOURCE: bankatxd Ativado com Sucesso! 
[23-07-01 05:27:00] [ 5:27:0 | 1/7/2023 ] > [LockCode-Key = 580515] $ [RF MAPPER] A inicialização foi autorizada!
[23-07-01 05:27:00] [RF MAPPER] - RESOURCE: zlatnictvitxd Ativado com Sucesso! 
[23-07-02 05:26:58] [ 5:26:58 | 2/7/2023 ] > [LockCode-Key = 402900] $ [RF MAPPER] A inicialização foi autorizada!
[23-07-02 05:26:58] [RF MAPPER] - RESOURCE: apartmanytxd Ativado com Sucesso! 
[23-07-02 05:26:58] Trust Store | Licenca ativada com sucesso!
[23-07-02 05:26:58] [ 5:26:59 | 2/7/2023 ] > [LockCode-Key = 885095] $ [RF MAPPER] A inicialização foi autorizada!
[23-07-02 05:26:58] [RF MAPPER] - RESOURCE: bankatxd Ativado com Sucesso! 
[23-07-02 05:26:59] [ 5:26:59 | 2/7/2023 ] > [LockCode-Key = 57935] $ [RF MAPPER] A inicialização foi autorizada!
[23-07-02 05:26:59] [RF MAPPER] - RESOURCE: zlatnictvitxd Ativado com Sucesso! 
[23-07-03 05:26:59] [ 5:27:0 | 3/7/2023 ] > [LockCode-Key = 199715] $ [RF MAPPER] A inicialização foi autorizada!
[23-07-03 05:26:59] [RF MAPPER] - RESOURCE: apartmanytxd Ativado com Sucesso! 
[23-07-03 05:27:00] Trust Store | Licenca ativada com sucesso!
[23-07-03 05:27:00] [ 5:27:0 | 3/7/2023 ] > [LockCode-Key = 802245] $ [RF MAPPER] A inicialização foi autorizada!
[23-07-03 05:27:00] [RF MAPPER] - RESOURCE: bankatxd Ativado com Sucesso! 
[23-07-03 05:27:00] [ 5:27:1 | 3/7/2023 ] > [LockCode-Key = 841355] $ [RF MAPPER] A inicialização foi autorizada!
[23-07-03 05:27:00] [RF MAPPER] - RESOURCE: zlatnictvitxd Ativado com Sucesso! 
[23-07-04 05:26:59] [ 5:26:59 | 4/7/2023 ] > [LockCode-Key = 2960] $ [RF MAPPER] A inicialização foi autorizada!
[23-07-04 05:26:59] [RF MAPPER] - RESOURCE: apartmanytxd Ativado com Sucesso! 
[23-07-04 05:26:59] Trust Store | Licenca ativada com sucesso!
[23-07-04 05:26:59] [ 5:26:59 | 4/7/2023 ] > [LockCode-Key = 333355] $ [RF MAPPER] A inicialização foi autorizada!
[23-07-04 05:26:59] [RF MAPPER] - RESOURCE: bankatxd Ativado com Sucesso! 
[23-07-04 05:26:59] [ 5:27:0 | 4/7/2023 ] > [LockCode-Key = 88230] $ [RF MAPPER] A inicialização foi autorizada!
[23-07-04 05:26:59] [RF MAPPER] - RESOURCE: zlatnictvitxd Ativado com Sucesso! 
[23-07-05 05:27:01] [ 5:27:1 | 5/7/2023 ] > [LockCode-Key = 517925] $ [RF MAPPER] A inicialização foi autorizada!
[23-07-05 05:27:01] [RF MAPPER] - RESOURCE: apartmanytxd Ativado com Sucesso! 
[23-07-05 05:27:01] [ 5:27:2 | 5/7/2023 ] > [LockCode-Key = 40260] $ [RF MAPPER] A inicialização foi autorizada!
[23-07-05 05:27:01] [RF MAPPER] - RESOURCE: bankatxd Ativado com Sucesso! 
[23-07-05 05:27:02] [ 5:27:2 | 5/7/2023 ] > [LockCode-Key = 718155] $ [RF MAPPER] A inicialização foi autorizada!
[23-07-05 05:27:02] [RF MAPPER] - RESOURCE: zlatnictvitxd Ativado com Sucesso! 
[23-07-05 05:27:03] Trust Store | Licenca ativada com sucesso!
[23-07-06 05:26:56] [ 5:26:57 | 6/7/2023 ] > [LockCode-Key = 899380] $ [RF MAPPER] A inicialização foi autorizada!
[23-07-06 05:26:56] [RF MAPPER] - RESOURCE: apartmanytxd Ativado com Sucesso! 
[23-07-06 05:26:56] Trust Store | Licenca ativada com sucesso!
[23-07-06 05:26:57] [ 5:26:57 | 6/7/2023 ] > [LockCode-Key = 638510] $ [RF MAPPER] A inicialização foi autorizada!
[23-07-06 05:26:57] [RF MAPPER] - RESOURCE: bankatxd Ativado com Sucesso! 
[23-07-06 05:26:57] [ 5:26:57 | 6/7/2023 ] > [LockCode-Key = 374420] $ [RF MAPPER] A inicialização foi autorizada!
[23-07-06 05:26:57] [RF MAPPER] - RESOURCE: zlatnictvitxd Ativado com Sucesso! 
[23-07-07 05:26:59] [ 5:26:59 | 7/7/2023 ] > [LockCode-Key = 525440] $ [RF MAPPER] A inicialização foi autorizada!
[23-07-07 05:26:59] [RF MAPPER] - RESOURCE: apartmanytxd Ativado com Sucesso! 
[23-07-07 05:26:59] [ 5:27:0 | 7/7/2023 ] > [LockCode-Key = 210465] $ [RF MAPPER] A inicialização foi autorizada!
[23-07-07 05:26:59] [RF MAPPER] - RESOURCE: bankatxd Ativado com Sucesso! 
[23-07-07 05:27:00] [ 5:27:0 | 7/7/2023 ] > [LockCode-Key = 846845] $ [RF MAPPER] A inicialização foi autorizada!
[23-07-07 05:27:00] [RF MAPPER] - RESOURCE: zlatnictvitxd Ativado com Sucesso! 
[23-07-07 05:27:00] Trust Store | Licenca ativada com sucesso!
[23-07-08 05:26:56] Trust Store | Licenca ativada com sucesso!
[23-07-08 05:26:56] [ 5:26:57 | 8/7/2023 ] > [LockCode-Key = 30095] $ [RF MAPPER] A inicialização foi autorizada!
[23-07-08 05:26:56] [RF MAPPER] - RESOURCE: apartmanytxd Ativado com Sucesso! 
[23-07-08 05:26:57] [ 5:26:57 | 8/7/2023 ] > [LockCode-Key = 910430] $ [RF MAPPER] A inicialização foi autorizada!
[23-07-08 05:26:57] [RF MAPPER] - RESOURCE: bankatxd Ativado com Sucesso! 
[23-07-08 05:26:57] [ 5:26:58 | 8/7/2023 ] > [LockCode-Key = 590820] $ [RF MAPPER] A inicialização foi autorizada!
[23-07-08 05:26:57] [RF MAPPER] - RESOURCE: zlatnictvitxd Ativado com Sucesso! 
[23-07-09 05:26:54] [ 5:26:54 | 9/7/2023 ] > [LockCode-Key = 711130] $ [RF MAPPER] A inicialização foi autorizada!
[23-07-09 05:26:54] [RF MAPPER] - RESOURCE: apartmanytxd Ativado com Sucesso! 
[23-07-09 05:26:54] Trust Store | Licenca ativada com sucesso!
[23-07-09 05:26:54] [ 5:26:55 | 9/7/2023 ] > [LockCode-Key = 6485] $ [RF MAPPER] A inicialização foi autorizada!
[23-07-09 05:26:54] [RF MAPPER] - RESOURCE: bankatxd Ativado com Sucesso! 
[23-07-09 05:26:55] [ 5:26:55 | 9/7/2023 ] > [LockCode-Key = 119775] $ [RF MAPPER] A inicialização foi autorizada!
[23-07-09 05:26:55] [RF MAPPER] - RESOURCE: zlatnictvitxd Ativado com Sucesso! 
[23-07-10 05:26:59] [ 5:26:59 | 10/7/2023 ] > [LockCode-Key = 143245] $ [RF MAPPER] A inicialização foi autorizada!
[23-07-10 05:26:59] [RF MAPPER] - RESOURCE: apartmanytxd Ativado com Sucesso! 
[23-07-10 05:26:59] Trust Store | Licenca ativada com sucesso!
[23-07-10 05:26:59] [ 5:27:0 | 10/7/2023 ] > [LockCode-Key = 399625] $ [RF MAPPER] A inicialização foi autorizada!
[23-07-10 05:26:59] [RF MAPPER] - RESOURCE: bankatxd Ativado com Sucesso! 
[23-07-10 05:27:00] [ 5:27:0 | 10/7/2023 ] > [LockCode-Key = 239190] $ [RF MAPPER] A inicialização foi autorizada!
[23-07-10 05:27:00] [RF MAPPER] - RESOURCE: zlatnictvitxd Ativado com Sucesso! 
[23-07-11 05:26:56] [ 5:26:57 | 11/7/2023 ] > [LockCode-Key = 730100] $ [RF MAPPER] A inicialização foi autorizada!
[23-07-11 05:26:56] [RF MAPPER] - RESOURCE: apartmanytxd Ativado com Sucesso! 
[23-07-11 05:26:57] Trust Store | Licenca ativada com sucesso!
[23-07-11 05:26:57] [ 5:26:57 | 11/7/2023 ] > [LockCode-Key = 139720] $ [RF MAPPER] A inicialização foi autorizada!
[23-07-11 05:26:57] [RF MAPPER] - RESOURCE: bankatxd Ativado com Sucesso! 
[23-07-11 05:26:57] [ 5:26:58 | 11/7/2023 ] > [LockCode-Key = 395990] $ [RF MAPPER] A inicialização foi autorizada!
[23-07-11 05:26:57] [RF MAPPER] - RESOURCE: zlatnictvitxd Ativado com Sucesso! 
[23-07-12 05:27:01] [ 5:27:1 | 12/7/2023 ] > [LockCode-Key = 843270] $ [RF MAPPER] A inicialização foi autorizada!
[23-07-12 05:27:01] [RF MAPPER] - RESOURCE: apartmanytxd Ativado com Sucesso! 
[23-07-12 05:27:01] Trust Store | Licenca ativada com sucesso!
[23-07-12 05:27:01] [ 5:27:2 | 12/7/2023 ] > [LockCode-Key = 476455] $ [RF MAPPER] A inicialização foi autorizada!
[23-07-12 05:27:01] [RF MAPPER] - RESOURCE: bankatxd Ativado com Sucesso! 
[23-07-12 05:27:02] [ 5:27:2 | 12/7/2023 ] > [LockCode-Key = 408605] $ [RF MAPPER] A inicialização foi autorizada!
[23-07-12 05:27:02] [RF MAPPER] - RESOURCE: zlatnictvitxd Ativado com Sucesso! 
[23-07-12 20:26:54] [ 20:26:55 | 12/7/2023 ] > [LockCode-Key = 211335] $ [RF MAPPER] A inicialização foi autorizada!
[23-07-12 20:26:54] [RF MAPPER] - RESOURCE: apartmanytxd Ativado com Sucesso! 
[23-07-12 20:26:55] Trust Store | Licenca ativada com sucesso!
[23-07-12 20:26:55] [ 20:26:55 | 12/7/2023 ] > [LockCode-Key = 908210] $ [RF MAPPER] A inicialização foi autorizada!
[23-07-12 20:26:55] [RF MAPPER] - RESOURCE: bankatxd Ativado com Sucesso! 
[23-07-12 20:26:55] [ 20:26:56 | 12/7/2023 ] > [LockCode-Key = 732470] $ [RF MAPPER] A inicialização foi autorizada!
[23-07-12 20:26:55] [RF MAPPER] - RESOURCE: zlatnictvitxd Ativado com Sucesso! 
[23-07-13 05:26:59] [ 5:26:59 | 13/7/2023 ] > [LockCode-Key = 730325] $ [RF MAPPER] A inicialização foi autorizada!
[23-07-13 05:26:59] [RF MAPPER] - RESOURCE: apartmanytxd Ativado com Sucesso! 
[23-07-13 05:26:59] Trust Store | Licenca ativada com sucesso!
[23-07-13 05:26:59] [ 5:27:0 | 13/7/2023 ] > [LockCode-Key = 491125] $ [RF MAPPER] A inicialização foi autorizada!
[23-07-13 05:26:59] [RF MAPPER] - RESOURCE: bankatxd Ativado com Sucesso! 
[23-07-13 05:27:00] [ 5:27:0 | 13/7/2023 ] > [LockCode-Key = 513670] $ [RF MAPPER] A inicialização foi autorizada!
[23-07-13 05:27:00] [RF MAPPER] - RESOURCE: zlatnictvitxd Ativado com Sucesso! 
[23-07-14 05:27:00] [ 5:27:0 | 14/7/2023 ] > [LockCode-Key = 972690] $ [RF MAPPER] A inicialização foi autorizada!
[23-07-14 05:27:00] [RF MAPPER] - RESOURCE: apartmanytxd Ativado com Sucesso! 
[23-07-14 05:27:00] Trust Store | Licenca ativada com sucesso!
[23-07-14 05:27:00] [ 5:27:0 | 14/7/2023 ] > [LockCode-Key = 33430] $ [RF MAPPER] A inicialização foi autorizada!
[23-07-14 05:27:00] [RF MAPPER] - RESOURCE: bankatxd Ativado com Sucesso! 
[23-07-14 05:27:00] [ 5:27:1 | 14/7/2023 ] > [LockCode-Key = 896620] $ [RF MAPPER] A inicialização foi autorizada!
[23-07-14 05:27:00] [RF MAPPER] - RESOURCE: zlatnictvitxd Ativado com Sucesso! 
[23-07-15 05:26:57] [ 5:26:57 | 15/7/2023 ] > [LockCode-Key = 414185] $ [RF MAPPER] A inicialização foi autorizada!
[23-07-15 05:26:57] [RF MAPPER] - RESOURCE: apartmanytxd Ativado com Sucesso! 
[23-07-15 05:26:57] Trust Store | Licenca ativada com sucesso!
[23-07-15 05:26:57] [ 5:26:58 | 15/7/2023 ] > [LockCode-Key = 481975] $ [RF MAPPER] A inicialização foi autorizada!
[23-07-15 05:26:57] [RF MAPPER] - RESOURCE: bankatxd Ativado com Sucesso! 
[23-07-15 05:26:58] [ 5:26:58 | 15/7/2023 ] > [LockCode-Key = 635890] $ [RF MAPPER] A inicialização foi autorizada!
[23-07-15 05:26:58] [RF MAPPER] - RESOURCE: zlatnictvitxd Ativado com Sucesso! 
[23-07-16 05:26:58] [ 5:26:59 | 16/7/2023 ] > [LockCode-Key = 460620] $ [RF MAPPER] A inicialização foi autorizada!
[23-07-16 05:26:58] [RF MAPPER] - RESOURCE: apartmanytxd Ativado com Sucesso! 
[23-07-16 05:26:59] Trust Store | Licenca ativada com sucesso!
[23-07-16 05:26:59] [ 5:26:59 | 16/7/2023 ] > [LockCode-Key = 375825] $ [RF MAPPER] A inicialização foi autorizada!
[23-07-16 05:26:59] [RF MAPPER] - RESOURCE: bankatxd Ativado com Sucesso! 
[23-07-16 05:27:00] [ 5:27:0 | 16/7/2023 ] > [LockCode-Key = 822025] $ [RF MAPPER] A inicialização foi autorizada!
[23-07-16 05:27:00] [RF MAPPER] - RESOURCE: zlatnictvitxd Ativado com Sucesso! 
[23-07-17 05:27:00] [ 5:27:1 | 17/7/2023 ] > [LockCode-Key = 787625] $ [RF MAPPER] A inicialização foi autorizada!
[23-07-17 05:27:00] [RF MAPPER] - RESOURCE: apartmanytxd Ativado com Sucesso! 
[23-07-17 05:27:01] Trust Store | Licenca ativada com sucesso!
[23-07-17 05:27:01] [ 5:27:1 | 17/7/2023 ] > [LockCode-Key = 765785] $ [RF MAPPER] A inicialização foi autorizada!
[23-07-17 05:27:01] [RF MAPPER] - RESOURCE: bankatxd Ativado com Sucesso! 
[23-07-17 05:27:01] [ 5:27:2 | 17/7/2023 ] > [LockCode-Key = 861330] $ [RF MAPPER] A inicialização foi autorizada!
[23-07-17 05:27:01] [RF MAPPER] - RESOURCE: zlatnictvitxd Ativado com Sucesso! 
[23-07-18 05:26:56] [ 5:26:57 | 18/7/2023 ] > [LockCode-Key = 22975] $ [RF MAPPER] A inicialização foi autorizada!
[23-07-18 05:26:56] [RF MAPPER] - RESOURCE: apartmanytxd Ativado com Sucesso! 
[23-07-18 05:26:57] Trust Store | Licenca ativada com sucesso!
[23-07-18 05:26:57] [ 5:26:57 | 18/7/2023 ] > [LockCode-Key = 637585] $ [RF MAPPER] A inicialização foi autorizada!
[23-07-18 05:26:57] [RF MAPPER] - RESOURCE: bankatxd Ativado com Sucesso! 
[23-07-18 05:26:57] [ 5:26:58 | 18/7/2023 ] > [LockCode-Key = 859140] $ [RF MAPPER] A inicialização foi autorizada!
[23-07-18 05:26:57] [RF MAPPER] - RESOURCE: zlatnictvitxd Ativado com Sucesso! 
[23-07-19 05:26:58] [ 5:26:59 | 19/7/2023 ] > [LockCode-Key = 380270] $ [RF MAPPER] A inicialização foi autorizada!
[23-07-19 05:26:58] [RF MAPPER] - RESOURCE: apartmanytxd Ativado com Sucesso! 
[23-07-19 05:26:59] Trust Store | Licenca ativada com sucesso!
[23-07-19 05:26:59] [ 5:27:0 | 19/7/2023 ] > [LockCode-Key = 98240] $ [RF MAPPER] A inicialização foi autorizada!
[23-07-19 05:26:59] [RF MAPPER] - RESOURCE: bankatxd Ativado com Sucesso! 
[23-07-19 05:27:00] [ 5:27:0 | 19/7/2023 ] > [LockCode-Key = 412605] $ [RF MAPPER] A inicialização foi autorizada!
[23-07-19 05:27:00] [RF MAPPER] - RESOURCE: zlatnictvitxd Ativado com Sucesso! 
[23-07-20 05:26:58] [ 5:26:58 | 20/7/2023 ] > [LockCode-Key = 566990] $ [RF MAPPER] A inicialização foi autorizada!
[23-07-20 05:26:58] [RF MAPPER] - RESOURCE: apartmanytxd Ativado com Sucesso! 
[23-07-20 05:26:58] Trust Store | Licenca ativada com sucesso!
[23-07-20 05:26:59] [ 5:26:59 | 20/7/2023 ] > [LockCode-Key = 960540] $ [RF MAPPER] A inicialização foi autorizada!
[23-07-20 05:26:59] [RF MAPPER] - RESOURCE: bankatxd Ativado com Sucesso! 
[23-07-20 05:26:59] [ 5:27:0 | 20/7/2023 ] > [LockCode-Key = 768510] $ [RF MAPPER] A inicialização foi autorizada!
[23-07-20 05:26:59] [RF MAPPER] - RESOURCE: zlatnictvitxd Ativado com Sucesso! 
[23-07-21 05:27:00] [ 5:27:1 | 21/7/2023 ] > [LockCode-Key = 34260] $ [RF MAPPER] A inicialização foi autorizada!
[23-07-21 05:27:00] [RF MAPPER] - RESOURCE: apartmanytxd Ativado com Sucesso! 
[23-07-21 05:27:01] Trust Store | Licenca ativada com sucesso!
[23-07-21 05:27:01] [ 5:27:2 | 21/7/2023 ] > [LockCode-Key = 218835] $ [RF MAPPER] A inicialização foi autorizada!
[23-07-21 05:27:01] [RF MAPPER] - RESOURCE: bankatxd Ativado com Sucesso! 
[23-07-21 05:27:02] [ 5:27:2 | 21/7/2023 ] > [LockCode-Key = 876110] $ [RF MAPPER] A inicialização foi autorizada!
[23-07-21 05:27:02] [RF MAPPER] - RESOURCE: zlatnictvitxd Ativado com Sucesso! 
[23-07-22 05:27:00] [ 5:27:1 | 22/7/2023 ] > [LockCode-Key = 384340] $ [RF MAPPER] A inicialização foi autorizada!
[23-07-22 05:27:00] [RF MAPPER] - RESOURCE: apartmanytxd Ativado com Sucesso! 
[23-07-22 05:27:01] Trust Store | Licenca ativada com sucesso!
[23-07-22 05:27:01] [ 5:27:1 | 22/7/2023 ] > [LockCode-Key = 958235] $ [RF MAPPER] A inicialização foi autorizada!
[23-07-22 05:27:01] [RF MAPPER] - RESOURCE: bankatxd Ativado com Sucesso! 
[23-07-22 05:27:02] [ 5:27:2 | 22/7/2023 ] > [LockCode-Key = 333230] $ [RF MAPPER] A inicialização foi autorizada!
[23-07-22 05:27:02] [RF MAPPER] - RESOURCE: zlatnictvitxd Ativado com Sucesso! 
[23-07-23 05:27:01] [ 5:27:2 | 23/7/2023 ] > [LockCode-Key = 891050] $ [RF MAPPER] A inicialização foi autorizada!
[23-07-23 05:27:01] [RF MAPPER] - RESOURCE: apartmanytxd Ativado com Sucesso! 
[23-07-23 05:27:02] Trust Store | Licenca ativada com sucesso!
[23-07-23 05:27:02] [ 5:27:3 | 23/7/2023 ] > [LockCode-Key = 416160] $ [RF MAPPER] A inicialização foi autorizada!
[23-07-23 05:27:02] [RF MAPPER] - RESOURCE: bankatxd Ativado com Sucesso! 
[23-07-23 05:27:03] [ 5:27:3 | 23/7/2023 ] > [LockCode-Key = 449905] $ [RF MAPPER] A inicialização foi autorizada!
[23-07-23 05:27:03] [RF MAPPER] - RESOURCE: zlatnictvitxd Ativado com Sucesso! 
[23-07-24 05:27:02] [ 5:27:3 | 24/7/2023 ] > [LockCode-Key = 833435] $ [RF MAPPER] A inicialização foi autorizada!
[23-07-24 05:27:02] [RF MAPPER] - RESOURCE: apartmanytxd Ativado com Sucesso! 
[23-07-24 05:27:03] Trust Store | Licenca ativada com sucesso!
[23-07-24 05:27:03] [ 5:27:3 | 24/7/2023 ] > [LockCode-Key = 848505] $ [RF MAPPER] A inicialização foi autorizada!
[23-07-24 05:27:03] [RF MAPPER] - RESOURCE: bankatxd Ativado com Sucesso! 
[23-07-24 05:27:03] [ 5:27:4 | 24/7/2023 ] > [LockCode-Key = 505370] $ [RF MAPPER] A inicialização foi autorizada!
[23-07-24 05:27:03] [RF MAPPER] - RESOURCE: zlatnictvitxd Ativado com Sucesso! 
[23-07-25 05:27:01] [ 5:27:1 | 25/7/2023 ] > [LockCode-Key = 790815] $ [RF MAPPER] A inicialização foi autorizada!
[23-07-25 05:27:01] [RF MAPPER] - RESOURCE: apartmanytxd Ativado com Sucesso! 
[23-07-25 05:27:01] Trust Store | Licenca ativada com sucesso!
[23-07-25 05:27:01] [ 5:27:2 | 25/7/2023 ] > [LockCode-Key = 235465] $ [RF MAPPER] A inicialização foi autorizada!
[23-07-25 05:27:01] [RF MAPPER] - RESOURCE: bankatxd Ativado com Sucesso! 
[23-07-25 05:27:02] [ 5:27:2 | 25/7/2023 ] > [LockCode-Key = 596320] $ [RF MAPPER] A inicialização foi autorizada!
[23-07-25 05:27:02] [RF MAPPER] - RESOURCE: zlatnictvitxd Ativado com Sucesso! 
[23-07-26 05:27:01] [ 5:27:2 | 26/7/2023 ] > [LockCode-Key = 19170] $ [RF MAPPER] A inicialização foi autorizada!
[23-07-26 05:27:01] [RF MAPPER] - RESOURCE: apartmanytxd Ativado com Sucesso! 
[23-07-26 05:27:02] Trust Store | Licenca ativada com sucesso!
[23-07-26 05:27:02] [ 5:27:2 | 26/7/2023 ] > [LockCode-Key = 97115] $ [RF MAPPER] A inicialização foi autorizada!
[23-07-26 05:27:02] [RF MAPPER] - RESOURCE: bankatxd Ativado com Sucesso! 
[23-07-26 05:27:02] [ 5:27:3 | 26/7/2023 ] > [LockCode-Key = 511050] $ [RF MAPPER] A inicialização foi autorizada!
[23-07-26 05:27:02] [RF MAPPER] - RESOURCE: zlatnictvitxd Ativado com Sucesso! 
[23-07-27 05:26:59] [ 5:27:0 | 27/7/2023 ] > [LockCode-Key = 141520] $ [RF MAPPER] A inicialização foi autorizada!
[23-07-27 05:26:59] [RF MAPPER] - RESOURCE: apartmanytxd Ativado com Sucesso! 
[23-07-27 05:26:59] Trust Store | Licenca ativada com sucesso!
[23-07-27 05:27:00] [ 5:27:0 | 27/7/2023 ] > [LockCode-Key = 573660] $ [RF MAPPER] A inicialização foi autorizada!
[23-07-27 05:27:00] [RF MAPPER] - RESOURCE: bankatxd Ativado com Sucesso! 
[23-07-27 05:27:00] [ 5:27:1 | 27/7/2023 ] > [LockCode-Key = 822230] $ [RF MAPPER] A inicialização foi autorizada!
[23-07-27 05:27:00] [RF MAPPER] - RESOURCE: zlatnictvitxd Ativado com Sucesso! 
[23-07-28 05:27:02] Trust Store | Licenca ativada com sucesso!
[23-07-28 05:27:02] [ 5:27:2 | 28/7/2023 ] > [LockCode-Key = 363295] $ [RF MAPPER] A inicialização foi autorizada!
[23-07-28 05:27:02] [RF MAPPER] - RESOURCE: apartmanytxd Ativado com Sucesso! 
[23-07-28 05:27:03] [ 5:27:3 | 28/7/2023 ] > [LockCode-Key = 212545] $ [RF MAPPER] A inicialização foi autorizada!
[23-07-28 05:27:03] [RF MAPPER] - RESOURCE: bankatxd Ativado com Sucesso! 
[23-07-28 05:27:03] [ 5:27:3 | 28/7/2023 ] > [LockCode-Key = 345720] $ [RF MAPPER] A inicialização foi autorizada!
[23-07-28 05:27:03] [RF MAPPER] - RESOURCE: zlatnictvitxd Ativado com Sucesso! 
[23-07-29 05:27:01] [ 5:27:2 | 29/7/2023 ] > [LockCode-Key = 824890] $ [RF MAPPER] A inicialização foi autorizada!
[23-07-29 05:27:01] [RF MAPPER] - RESOURCE: apartmanytxd Ativado com Sucesso! 
[23-07-29 05:27:02] Trust Store | Licenca ativada com sucesso!
[23-07-29 05:27:02] [ 5:27:2 | 29/7/2023 ] > [LockCode-Key = 118630] $ [RF MAPPER] A inicialização foi autorizada!
[23-07-29 05:27:02] [RF MAPPER] - RESOURCE: bankatxd Ativado com Sucesso! 
[23-07-29 05:27:03] [ 5:27:3 | 29/7/2023 ] > [LockCode-Key = 270320] $ [RF MAPPER] A inicialização foi autorizada!
[23-07-29 05:27:03] [RF MAPPER] - RESOURCE: zlatnictvitxd Ativado com Sucesso! 
[23-07-30 05:27:01] Trust Store | Licenca ativada com sucesso!
[23-07-30 05:27:01] [ 5:27:2 | 30/7/2023 ] > [LockCode-Key = 326750] $ [RF MAPPER] A inicialização foi autorizada!
[23-07-30 05:27:01] [RF MAPPER] - RESOURCE: apartmanytxd Ativado com Sucesso! 
[23-07-30 05:27:02] [ 5:27:2 | 30/7/2023 ] > [LockCode-Key = 618975] $ [RF MAPPER] A inicialização foi autorizada!
[23-07-30 05:27:02] [RF MAPPER] - RESOURCE: bankatxd Ativado com Sucesso! 
[23-07-30 05:27:02] [ 5:27:3 | 30/7/2023 ] > [LockCode-Key = 139145] $ [RF MAPPER] A inicialização foi autorizada!
[23-07-30 05:27:02] [RF MAPPER] - RESOURCE: zlatnictvitxd Ativado com Sucesso! 
[23-07-31 05:27:03] Trust Store | Licenca ativada com sucesso!
[23-07-31 05:27:03] [ 5:27:4 | 31/7/2023 ] > [LockCode-Key = 781170] $ [RF MAPPER] A inicialização foi autorizada!
[23-07-31 05:27:03] [RF MAPPER] - RESOURCE: apartmanytxd Ativado com Sucesso! 
[23-07-31 05:27:04] [ 5:27:4 | 31/7/2023 ] > [LockCode-Key = 558435] $ [RF MAPPER] A inicialização foi autorizada!
[23-07-31 05:27:04] [RF MAPPER] - RESOURCE: bankatxd Ativado com Sucesso! 
[23-07-31 05:27:04] [ 5:27:5 | 31/7/2023 ] > [LockCode-Key = 684550] $ [RF MAPPER] A inicialização foi autorizada!
[23-07-31 05:27:04] [RF MAPPER] - RESOURCE: zlatnictvitxd Ativado com Sucesso! 
[23-08-01 05:27:00] [ 5:27:1 | 1/8/2023 ] > [LockCode-Key = 754195] $ [RF MAPPER] A inicialização foi autorizada!
[23-08-01 05:27:00] [RF MAPPER] - RESOURCE: apartmanytxd Ativado com Sucesso! 
[23-08-01 05:27:01] Trust Store | Licenca ativada com sucesso!
[23-08-01 05:27:01] [ 5:27:2 | 1/8/2023 ] > [LockCode-Key = 969880] $ [RF MAPPER] A inicialização foi autorizada!
[23-08-01 05:27:01] [RF MAPPER] - RESOURCE: bankatxd Ativado com Sucesso! 
[23-08-01 05:27:02] [ 5:27:2 | 1/8/2023 ] > [LockCode-Key = 446465] $ [RF MAPPER] A inicialização foi autorizada!
[23-08-01 05:27:02] [RF MAPPER] - RESOURCE: zlatnictvitxd Ativado com Sucesso! 
[23-08-02 05:27:02] [ 5:27:2 | 2/8/2023 ] > [LockCode-Key = 465720] $ [RF MAPPER] A inicialização foi autorizada!
[23-08-02 05:27:02] [RF MAPPER] - RESOURCE: apartmanytxd Ativado com Sucesso! 
[23-08-02 05:27:03] Trust Store | Licenca ativada com sucesso!
[23-08-02 05:27:03] [ 5:27:3 | 2/8/2023 ] > [LockCode-Key = 271950] $ [RF MAPPER] A inicialização foi autorizada!
[23-08-02 05:27:03] [RF MAPPER] - RESOURCE: bankatxd Ativado com Sucesso! 
[23-08-02 05:27:03] [ 5:27:4 | 2/8/2023 ] > [LockCode-Key = 338310] $ [RF MAPPER] A inicialização foi autorizada!
[23-08-02 05:27:03] [RF MAPPER] - RESOURCE: zlatnictvitxd Ativado com Sucesso! 
[23-08-03 05:27:03] [ 5:27:3 | 3/8/2023 ] > [LockCode-Key = 827040] $ [RF MAPPER] A inicialização foi autorizada!
[23-08-03 05:27:03] [RF MAPPER] - RESOURCE: apartmanytxd Ativado com Sucesso! 
[23-08-03 05:27:03] Trust Store | Licenca ativada com sucesso!
[23-08-03 05:27:04] [ 5:27:4 | 3/8/2023 ] > [LockCode-Key = 116250] $ [RF MAPPER] A inicialização foi autorizada!
[23-08-03 05:27:04] [RF MAPPER] - RESOURCE: bankatxd Ativado com Sucesso! 
[23-08-03 05:27:04] [ 5:27:5 | 3/8/2023 ] > [LockCode-Key = 96055] $ [RF MAPPER] A inicialização foi autorizada!
[23-08-03 05:27:04] [RF MAPPER] - RESOURCE: zlatnictvitxd Ativado com Sucesso! 
[23-08-04 05:27:02] [ 5:27:2 | 4/8/2023 ] > [LockCode-Key = 60085] $ [RF MAPPER] A inicialização foi autorizada!
[23-08-04 05:27:02] [RF MAPPER] - RESOURCE: apartmanytxd Ativado com Sucesso! 
[23-08-04 05:27:02] Trust Store | Licenca ativada com sucesso!
[23-08-04 05:27:03] [ 5:27:3 | 4/8/2023 ] > [LockCode-Key = 405335] $ [RF MAPPER] A inicialização foi autorizada!
[23-08-04 05:27:03] [RF MAPPER] - RESOURCE: bankatxd Ativado com Sucesso! 
[23-08-04 05:27:03] [ 5:27:4 | 4/8/2023 ] > [LockCode-Key = 133655] $ [RF MAPPER] A inicialização foi autorizada!
[23-08-04 05:27:03] [RF MAPPER] - RESOURCE: zlatnictvitxd Ativado com Sucesso! 
[23-08-05 05:26:53] [ 5:26:54 | 5/8/2023 ] > [LockCode-Key = 551555] $ [RF MAPPER] A inicialização foi autorizada!
[23-08-05 05:26:53] [RF MAPPER] - RESOURCE: apartmanytxd Ativado com Sucesso! 
[23-08-05 05:26:53] Trust Store | Licenca ativada com sucesso!
[23-08-05 05:26:54] [ 5:26:54 | 5/8/2023 ] > [LockCode-Key = 697090] $ [RF MAPPER] A inicialização foi autorizada!
[23-08-05 05:26:54] [RF MAPPER] - RESOURCE: bankatxd Ativado com Sucesso! 
[23-08-05 05:26:54] [ 5:26:55 | 5/8/2023 ] > [LockCode-Key = 822330] $ [RF MAPPER] A inicialização foi autorizada!
[23-08-05 05:26:54] [RF MAPPER] - RESOURCE: zlatnictvitxd Ativado com Sucesso! 
[23-08-06 05:26:53] [ 5:26:53 | 6/8/2023 ] > [LockCode-Key = 399745] $ [RF MAPPER] A inicialização foi autorizada!
[23-08-06 05:26:53] [RF MAPPER] - RESOURCE: apartmanytxd Ativado com Sucesso! 
[23-08-06 05:26:53] Trust Store | Licenca ativada com sucesso!
[23-08-06 05:26:53] [ 5:26:54 | 6/8/2023 ] > [LockCode-Key = 241320] $ [RF MAPPER] A inicialização foi autorizada!
[23-08-06 05:26:53] [RF MAPPER] - RESOURCE: bankatxd Ativado com Sucesso! 
[23-08-06 05:26:54] [ 5:26:54 | 6/8/2023 ] > [LockCode-Key = 795290] $ [RF MAPPER] A inicialização foi autorizada!
[23-08-06 05:26:54] [RF MAPPER] - RESOURCE: zlatnictvitxd Ativado com Sucesso! 
[23-08-07 05:26:56] [ 5:26:56 | 7/8/2023 ] > [LockCode-Key = 488780] $ [RF MAPPER] A inicialização foi autorizada!
[23-08-07 05:26:56] [RF MAPPER] - RESOURCE: apartmanytxd Ativado com Sucesso! 
[23-08-07 05:26:56] Trust Store | Licenca ativada com sucesso!
[23-08-07 05:26:56] [ 5:26:57 | 7/8/2023 ] > [LockCode-Key = 209240] $ [RF MAPPER] A inicialização foi autorizada!
[23-08-07 05:26:56] [RF MAPPER] - RESOURCE: bankatxd Ativado com Sucesso! 
[23-08-07 05:26:57] [ 5:26:57 | 7/8/2023 ] > [LockCode-Key = 55285] $ [RF MAPPER] A inicialização foi autorizada!
[23-08-07 05:26:57] [RF MAPPER] - RESOURCE: zlatnictvitxd Ativado com Sucesso! 
[23-08-08 05:26:54] [ 5:26:54 | 8/8/2023 ] > [LockCode-Key = 756600] $ [RF MAPPER] A inicialização foi autorizada!
[23-08-08 05:26:54] [RF MAPPER] - RESOURCE: apartmanytxd Ativado com Sucesso! 
[23-08-08 05:26:54] Trust Store | Licenca ativada com sucesso!
[23-08-08 05:26:54] [ 5:26:55 | 8/8/2023 ] > [LockCode-Key = 617005] $ [RF MAPPER] A inicialização foi autorizada!
[23-08-08 05:26:54] [RF MAPPER] - RESOURCE: bankatxd Ativado com Sucesso! 
[23-08-08 05:26:55] [ 5:26:55 | 8/8/2023 ] > [LockCode-Key = 64885] $ [RF MAPPER] A inicialização foi autorizada!
[23-08-08 05:26:55] [RF MAPPER] - RESOURCE: zlatnictvitxd Ativado com Sucesso! 
[23-08-09 05:26:58] [ 5:26:59 | 9/8/2023 ] > [LockCode-Key = 113855] $ [RF MAPPER] A inicialização foi autorizada!
[23-08-09 05:26:58] [RF MAPPER] - RESOURCE: apartmanytxd Ativado com Sucesso! 
[23-08-09 05:26:59] Trust Store | Licenca ativada com sucesso!
[23-08-09 05:26:59] [ 5:26:59 | 9/8/2023 ] > [LockCode-Key = 601485] $ [RF MAPPER] A inicialização foi autorizada!
[23-08-09 05:26:59] [RF MAPPER] - RESOURCE: bankatxd Ativado com Sucesso! 
[23-08-09 05:26:59] [ 5:27:0 | 9/8/2023 ] > [LockCode-Key = 182345] $ [RF MAPPER] A inicialização foi autorizada!
[23-08-09 05:26:59] [RF MAPPER] - RESOURCE: zlatnictvitxd Ativado com Sucesso! 
[23-08-10 05:26:53] [ 5:26:54 | 10/8/2023 ] > [LockCode-Key = 31490] $ [RF MAPPER] A inicialização foi autorizada!
[23-08-10 05:26:53] [RF MAPPER] - RESOURCE: apartmanytxd Ativado com Sucesso! 
[23-08-10 05:26:54] Trust Store | Licenca ativada com sucesso!
[23-08-10 05:26:54] [ 5:26:55 | 10/8/2023 ] > [LockCode-Key = 803445] $ [RF MAPPER] A inicialização foi autorizada!
[23-08-10 05:26:54] [RF MAPPER] - RESOURCE: bankatxd Ativado com Sucesso! 
[23-08-10 05:26:55] [ 5:26:55 | 10/8/2023 ] > [LockCode-Key = 947145] $ [RF MAPPER] A inicialização foi autorizada!
[23-08-10 05:26:55] [RF MAPPER] - RESOURCE: zlatnictvitxd Ativado com Sucesso! 
[23-08-11 05:26:58] [ 5:26:59 | 11/8/2023 ] > [LockCode-Key = 351940] $ [RF MAPPER] A inicialização foi autorizada!
[23-08-11 05:26:58] [RF MAPPER] - RESOURCE: apartmanytxd Ativado com Sucesso! 
[23-08-11 05:26:59] Trust Store | Licenca ativada com sucesso!
[23-08-11 05:26:59] [ 5:27:0 | 11/8/2023 ] > [LockCode-Key = 585965] $ [RF MAPPER] A inicialização foi autorizada!
[23-08-11 05:26:59] [RF MAPPER] - RESOURCE: bankatxd Ativado com Sucesso! 
[23-08-11 05:27:00] [ 5:27:0 | 11/8/2023 ] > [LockCode-Key = 763215] $ [RF MAPPER] A inicialização foi autorizada!
[23-08-11 05:27:00] [RF MAPPER] - RESOURCE: zlatnictvitxd Ativado com Sucesso! 
[23-08-12 05:26:55] [ 5:26:55 | 12/8/2023 ] > [LockCode-Key = 188010] $ [RF MAPPER] A inicialização foi autorizada!
[23-08-12 05:26:55] [RF MAPPER] - RESOURCE: apartmanytxd Ativado com Sucesso! 
[23-08-12 05:26:55] Trust Store | Licenca ativada com sucesso!
[23-08-12 05:26:55] [ 5:26:56 | 12/8/2023 ] > [LockCode-Key = 840675] $ [RF MAPPER] A inicialização foi autorizada!
[23-08-12 05:26:55] [RF MAPPER] - RESOURCE: bankatxd Ativado com Sucesso! 
[23-08-12 05:26:56] [ 5:26:56 | 12/8/2023 ] > [LockCode-Key = 842585] $ [RF MAPPER] A inicialização foi autorizada!
[23-08-12 05:26:56] [RF MAPPER] - RESOURCE: zlatnictvitxd Ativado com Sucesso! 
[23-08-13 05:26:55] [ 5:26:55 | 13/8/2023 ] > [LockCode-Key = 423295] $ [RF MAPPER] A inicialização foi autorizada!
[23-08-13 05:26:55] [RF MAPPER] - RESOURCE: apartmanytxd Ativado com Sucesso! 
[23-08-13 05:26:55] Trust Store | Licenca ativada com sucesso!
[23-08-13 05:26:56] [ 5:26:56 | 13/8/2023 ] > [LockCode-Key = 858895] $ [RF MAPPER] A inicialização foi autorizada!
[23-08-13 05:26:56] [RF MAPPER] - RESOURCE: bankatxd Ativado com Sucesso! 
[23-08-13 05:26:56] [ 5:26:57 | 13/8/2023 ] > [LockCode-Key = 619820] $ [RF MAPPER] A inicialização foi autorizada!
[23-08-13 05:26:56] [RF MAPPER] - RESOURCE: zlatnictvitxd Ativado com Sucesso! 
[23-08-14 05:26:57] [ 5:26:58 | 14/8/2023 ] > [LockCode-Key = 60275] $ [RF MAPPER] A inicialização foi autorizada!
[23-08-14 05:26:57] [RF MAPPER] - RESOURCE: apartmanytxd Ativado com Sucesso! 
[23-08-14 05:26:57] Trust Store | Licenca ativada com sucesso!
[23-08-14 05:26:58] [ 5:26:58 | 14/8/2023 ] > [LockCode-Key = 718970] $ [RF MAPPER] A inicialização foi autorizada!
[23-08-14 05:26:58] [RF MAPPER] - RESOURCE: bankatxd Ativado com Sucesso! 
[23-08-14 05:26:58] [ 5:26:59 | 14/8/2023 ] > [LockCode-Key = 567465] $ [RF MAPPER] A inicialização foi autorizada!
[23-08-14 05:26:58] [RF MAPPER] - RESOURCE: zlatnictvitxd Ativado com Sucesso! 
[23-08-15 05:26:56] [ 5:26:57 | 15/8/2023 ] > [LockCode-Key = 836285] $ [RF MAPPER] A inicialização foi autorizada!
[23-08-15 05:26:56] [RF MAPPER] - RESOURCE: apartmanytxd Ativado com Sucesso! 
[23-08-15 05:26:56] Trust Store | Licenca ativada com sucesso!
[23-08-15 05:26:56] [ 5:26:57 | 15/8/2023 ] > [LockCode-Key = 811145] $ [RF MAPPER] A inicialização foi autorizada!
[23-08-15 05:26:56] [RF MAPPER] - RESOURCE: bankatxd Ativado com Sucesso! 
[23-08-15 05:26:58] [ 5:26:58 | 15/8/2023 ] > [LockCode-Key = 178105] $ [RF MAPPER] A inicialização foi autorizada!
[23-08-15 05:26:58] [RF MAPPER] - RESOURCE: zlatnictvitxd Ativado com Sucesso! 
[23-08-16 05:26:58] Trust Store | Licenca ativada com sucesso!
[23-08-16 05:26:58] [ 5:26:59 | 16/8/2023 ] > [LockCode-Key = 771205] $ [RF MAPPER] A inicialização foi autorizada!
[23-08-16 05:26:58] [RF MAPPER] - RESOURCE: apartmanytxd Ativado com Sucesso! 
[23-08-16 05:26:59] [ 5:26:59 | 16/8/2023 ] > [LockCode-Key = 20610] $ [RF MAPPER] A inicialização foi autorizada!
[23-08-16 05:26:59] [RF MAPPER] - RESOURCE: bankatxd Ativado com Sucesso! 
[23-08-16 05:26:59] [ 5:27:0 | 16/8/2023 ] > [LockCode-Key = 80865] $ [RF MAPPER] A inicialização foi autorizada!
[23-08-16 05:26:59] [RF MAPPER] - RESOURCE: zlatnictvitxd Ativado com Sucesso! 
[23-08-17 05:26:54] [ 5:26:54 | 17/8/2023 ] > [LockCode-Key = 743740] $ [RF MAPPER] A inicialização foi autorizada!
[23-08-17 05:26:54] [RF MAPPER] - RESOURCE: apartmanytxd Ativado com Sucesso! 
[23-08-17 05:26:54] Trust Store | Licenca ativada com sucesso!
[23-08-17 05:26:55] [ 5:26:55 | 17/8/2023 ] > [LockCode-Key = 925520] $ [RF MAPPER] A inicialização foi autorizada!
[23-08-17 05:26:55] [RF MAPPER] - RESOURCE: bankatxd Ativado com Sucesso! 
[23-08-17 05:26:55] [ 5:26:56 | 17/8/2023 ] > [LockCode-Key = 520820] $ [RF MAPPER] A inicialização foi autorizada!
[23-08-17 05:26:55] [RF MAPPER] - RESOURCE: zlatnictvitxd Ativado com Sucesso! 
[23-08-18 05:26:59] [ 5:26:59 | 18/8/2023 ] > [LockCode-Key = 989780] $ [RF MAPPER] A inicialização foi autorizada!
[23-08-18 05:26:59] [RF MAPPER] - RESOURCE: apartmanytxd Ativado com Sucesso! 
[23-08-18 05:26:59] Trust Store | Licenca ativada com sucesso!
[23-08-18 05:26:59] [ 5:27:0 | 18/8/2023 ] > [LockCode-Key = 726755] $ [RF MAPPER] A inicialização foi autorizada!
[23-08-18 05:26:59] [RF MAPPER] - RESOURCE: bankatxd Ativado com Sucesso! 
[23-08-18 05:27:00] [ 5:27:0 | 18/8/2023 ] > [LockCode-Key = 405305] $ [RF MAPPER] A inicialização foi autorizada!
[23-08-18 05:27:00] [RF MAPPER] - RESOURCE: zlatnictvitxd Ativado com Sucesso! 
[23-08-19 05:26:55] [ 5:26:55 | 19/8/2023 ] > [LockCode-Key = 775870] $ [RF MAPPER] A inicialização foi autorizada!
[23-08-19 05:26:55] [RF MAPPER] - RESOURCE: apartmanytxd Ativado com Sucesso! 
[23-08-19 05:26:55] Trust Store | Licenca ativada com sucesso!
[23-08-19 05:26:55] [ 5:26:56 | 19/8/2023 ] > [LockCode-Key = 402545] $ [RF MAPPER] A inicialização foi autorizada!
[23-08-19 05:26:55] [RF MAPPER] - RESOURCE: bankatxd Ativado com Sucesso! 
[23-08-19 05:26:56] [ 5:26:56 | 19/8/2023 ] > [LockCode-Key = 544745] $ [RF MAPPER] A inicialização foi autorizada!
[23-08-19 05:26:56] [RF MAPPER] - RESOURCE: zlatnictvitxd Ativado com Sucesso! 
[23-08-20 05:26:56] [ 5:26:56 | 20/8/2023 ] > [LockCode-Key = 777550] $ [RF MAPPER] A inicialização foi autorizada!
[23-08-20 05:26:56] [RF MAPPER] - RESOURCE: apartmanytxd Ativado com Sucesso! 
[23-08-20 05:26:56] Trust Store | Licenca ativada com sucesso!
[23-08-20 05:26:56] [ 5:26:57 | 20/8/2023 ] > [LockCode-Key = 670930] $ [RF MAPPER] A inicialização foi autorizada!
[23-08-20 05:26:56] [RF MAPPER] - RESOURCE: bankatxd Ativado com Sucesso! 
[23-08-20 05:26:57] [ 5:26:57 | 20/8/2023 ] > [LockCode-Key = 213155] $ [RF MAPPER] A inicialização foi autorizada!
[23-08-20 05:26:57] [RF MAPPER] - RESOURCE: zlatnictvitxd Ativado com Sucesso! 
[23-08-21 05:26:57] Trust Store | Licenca ativada com sucesso!
[23-08-21 05:26:57] [ 5:26:57 | 21/8/2023 ] > [LockCode-Key = 820905] $ [RF MAPPER] A inicialização foi autorizada!
[23-08-21 05:26:57] [RF MAPPER] - RESOURCE: apartmanytxd Ativado com Sucesso! 
[23-08-21 05:26:57] [ 5:26:58 | 21/8/2023 ] > [LockCode-Key = 946460] $ [RF MAPPER] A inicialização foi autorizada!
[23-08-21 05:26:57] [RF MAPPER] - RESOURCE: bankatxd Ativado com Sucesso! 
[23-08-21 05:26:58] [ 5:26:59 | 21/8/2023 ] > [LockCode-Key = 968930] $ [RF MAPPER] A inicialização foi autorizada!
[23-08-21 05:26:58] [RF MAPPER] - RESOURCE: zlatnictvitxd Ativado com Sucesso! 
[23-08-22 05:26:55] [ 5:26:55 | 22/8/2023 ] > [LockCode-Key = 595830] $ [RF MAPPER] A inicialização foi autorizada!
[23-08-22 05:26:55] [RF MAPPER] - RESOURCE: apartmanytxd Ativado com Sucesso! 
[23-08-22 05:26:55] Trust Store | Licenca ativada com sucesso!
[23-08-22 05:26:55] [ 5:26:56 | 22/8/2023 ] > [LockCode-Key = 874960] $ [RF MAPPER] A inicialização foi autorizada!
[23-08-22 05:26:55] [RF MAPPER] - RESOURCE: bankatxd Ativado com Sucesso! 
[23-08-22 05:26:56] [ 5:26:57 | 22/8/2023 ] > [LockCode-Key = 469000] $ [RF MAPPER] A inicialização foi autorizada!
[23-08-22 05:26:56] [RF MAPPER] - RESOURCE: zlatnictvitxd Ativado com Sucesso! 
[23-08-23 05:26:58] [ 5:26:59 | 23/8/2023 ] > [LockCode-Key = 877710] $ [RF MAPPER] A inicialização foi autorizada!
[23-08-23 05:26:58] [RF MAPPER] - RESOURCE: apartmanytxd Ativado com Sucesso! 
[23-08-23 05:26:58] Trust Store | Licenca ativada com sucesso!
[23-08-23 05:26:59] [ 5:26:59 | 23/8/2023 ] > [LockCode-Key = 455765] $ [RF MAPPER] A inicialização foi autorizada!
[23-08-23 05:26:59] [RF MAPPER] - RESOURCE: bankatxd Ativado com Sucesso! 
[23-08-23 05:27:00] [ 5:27:1 | 23/8/2023 ] > [LockCode-Key = 325150] $ [RF MAPPER] A inicialização foi autorizada!
[23-08-23 05:27:00] [RF MAPPER] - RESOURCE: zlatnictvitxd Ativado com Sucesso! 
[23-08-24 05:26:55] Trust Store | Licenca ativada com sucesso!
[23-08-24 05:26:55] [ 5:26:56 | 24/8/2023 ] > [LockCode-Key = 480515] $ [RF MAPPER] A inicialização foi autorizada!
[23-08-24 05:26:55] [RF MAPPER] - RESOURCE: apartmanytxd Ativado com Sucesso! 
[23-08-24 05:26:56] [ 5:26:56 | 24/8/2023 ] > [LockCode-Key = 281460] $ [RF MAPPER] A inicialização foi autorizada!
[23-08-24 05:26:56] [RF MAPPER] - RESOURCE: bankatxd Ativado com Sucesso! 
[23-08-24 05:26:57] [ 5:26:57 | 24/8/2023 ] > [LockCode-Key = 687625] $ [RF MAPPER] A inicialização foi autorizada!
[23-08-24 05:26:57] [RF MAPPER] - RESOURCE: zlatnictvitxd Ativado com Sucesso! 
[23-08-25 05:26:57] [ 5:26:57 | 25/8/2023 ] > [LockCode-Key = 675310] $ [RF MAPPER] A inicialização foi autorizada!
[23-08-25 05:26:57] [RF MAPPER] - RESOURCE: apartmanytxd Ativado com Sucesso! 
[23-08-25 05:26:58] Trust Store | Licenca ativada com sucesso!
[23-08-25 05:26:58] [ 5:26:58 | 25/8/2023 ] > [LockCode-Key = 109160] $ [RF MAPPER] A inicialização foi autorizada!
[23-08-25 05:26:58] [RF MAPPER] - RESOURCE: bankatxd Ativado com Sucesso! 
[23-08-25 05:26:59] [ 5:27:0 | 25/8/2023 ] > [LockCode-Key = 277470] $ [RF MAPPER] A inicialização foi autorizada!
[23-08-25 05:26:59] [RF MAPPER] - RESOURCE: zlatnictvitxd Ativado com Sucesso! 
[23-08-26 05:26:56] Trust Store | Licenca ativada com sucesso!
[23-08-26 05:26:56] [ 5:26:57 | 26/8/2023 ] > [LockCode-Key = 130420] $ [RF MAPPER] A inicialização foi autorizada!
[23-08-26 05:26:56] [RF MAPPER] - RESOURCE: apartmanytxd Ativado com Sucesso! 
[23-08-26 05:26:57] [ 5:26:57 | 26/8/2023 ] > [LockCode-Key = 863805] $ [RF MAPPER] A inicialização foi autorizada!
[23-08-26 05:26:57] [RF MAPPER] - RESOURCE: bankatxd Ativado com Sucesso! 
[23-08-26 05:26:58] [ 5:26:58 | 26/8/2023 ] > [LockCode-Key = 928240] $ [RF MAPPER] A inicialização foi autorizada!
[23-08-26 05:26:58] [RF MAPPER] - RESOURCE: zlatnictvitxd Ativado com Sucesso! 
[23-08-27 05:26:56] [ 5:26:57 | 27/8/2023 ] > [LockCode-Key = 580590] $ [RF MAPPER] A inicialização foi autorizada!
[23-08-27 05:26:56] [RF MAPPER] - RESOURCE: apartmanytxd Ativado com Sucesso! 
[23-08-27 05:26:56] Trust Store | Licenca ativada com sucesso!
[23-08-27 05:26:57] [ 5:26:58 | 27/8/2023 ] > [LockCode-Key = 93230] $ [RF MAPPER] A inicialização foi autorizada!
[23-08-27 05:26:57] [RF MAPPER] - RESOURCE: bankatxd Ativado com Sucesso! 
[23-08-27 05:26:58] [ 5:26:58 | 27/8/2023 ] > [LockCode-Key = 153160] $ [RF MAPPER] A inicialização foi autorizada!
[23-08-27 05:26:58] [RF MAPPER] - RESOURCE: zlatnictvitxd Ativado com Sucesso! 
[23-08-28 05:26:58] Trust Store | Licenca ativada com sucesso!
[23-08-28 05:26:58] [ 5:26:59 | 28/8/2023 ] > [LockCode-Key = 699395] $ [RF MAPPER] A inicialização foi autorizada!
[23-08-28 05:26:58] [RF MAPPER] - RESOURCE: apartmanytxd Ativado com Sucesso! 
[23-08-28 05:26:59] [ 5:26:59 | 28/8/2023 ] > [LockCode-Key = 412250] $ [RF MAPPER] A inicialização foi autorizada!
[23-08-28 05:26:59] [RF MAPPER] - RESOURCE: bankatxd Ativado com Sucesso! 
[23-08-28 05:26:59] [ 5:27:0 | 28/8/2023 ] > [LockCode-Key = 242795] $ [RF MAPPER] A inicialização foi autorizada!
[23-08-28 05:26:59] [RF MAPPER] - RESOURCE: zlatnictvitxd Ativado com Sucesso! 
[23-08-29 05:26:53] [ 5:26:53 | 29/8/2023 ] > [LockCode-Key = 678965] $ [RF MAPPER] A inicialização foi autorizada!
[23-08-29 05:26:53] [RF MAPPER] - RESOURCE: apartmanytxd Ativado com Sucesso! 
[23-08-29 05:26:53] Trust Store | Licenca ativada com sucesso!
[23-08-29 05:26:53] [ 5:26:54 | 29/8/2023 ] > [LockCode-Key = 771400] $ [RF MAPPER] A inicialização foi autorizada!
[23-08-29 05:26:53] [RF MAPPER] - RESOURCE: bankatxd Ativado com Sucesso! 
[23-08-29 05:26:54] [ 5:26:54 | 29/8/2023 ] > [LockCode-Key = 959635] $ [RF MAPPER] A inicialização foi autorizada!
[23-08-29 05:26:54] [RF MAPPER] - RESOURCE: zlatnictvitxd Ativado com Sucesso! 
[23-08-30 05:26:58] [ 5:26:58 | 30/8/2023 ] > [LockCode-Key = 913310] $ [RF MAPPER] A inicialização foi autorizada!
[23-08-30 05:26:58] [RF MAPPER] - RESOURCE: apartmanytxd Ativado com Sucesso! 
[23-08-30 05:26:58] Trust Store | Licenca ativada com sucesso!
[23-08-30 05:26:59] [ 5:26:59 | 30/8/2023 ] > [LockCode-Key = 720965] $ [RF MAPPER] A inicialização foi autorizada!
[23-08-30 05:26:59] [RF MAPPER] - RESOURCE: bankatxd Ativado com Sucesso! 
[23-08-30 05:27:00] [ 5:27:0 | 30/8/2023 ] > [LockCode-Key = 646490] $ [RF MAPPER] A inicialização foi autorizada!
[23-08-30 05:27:00] [RF MAPPER] - RESOURCE: zlatnictvitxd Ativado com Sucesso! 
[23-08-31 05:26:54] [ 5:26:55 | 31/8/2023 ] > [LockCode-Key = 717435] $ [RF MAPPER] A inicialização foi autorizada!
[23-08-31 05:26:54] [RF MAPPER] - RESOURCE: apartmanytxd Ativado com Sucesso! 
[23-08-31 05:26:55] Trust Store | Licenca ativada com sucesso!
[23-08-31 05:26:55] [ 5:26:56 | 31/8/2023 ] > [LockCode-Key = 509020] $ [RF MAPPER] A inicialização foi autorizada!
[23-08-31 05:26:55] [RF MAPPER] - RESOURCE: bankatxd Ativado com Sucesso! 
[23-08-31 05:26:56] [ 5:26:56 | 31/8/2023 ] > [LockCode-Key = 2395] $ [RF MAPPER] A inicialização foi autorizada!
[23-08-31 05:26:56] [RF MAPPER] - RESOURCE: zlatnictvitxd Ativado com Sucesso! 
[23-09-01 05:26:56] [ 5:26:57 | 1/9/2023 ] > [LockCode-Key = 600110] $ [RF MAPPER] A inicialização foi autorizada!
[23-09-01 05:26:56] [RF MAPPER] - RESOURCE: apartmanytxd Ativado com Sucesso! 
[23-09-01 05:26:56] Trust Store | Licenca ativada com sucesso!
[23-09-01 05:26:57] [ 5:26:58 | 1/9/2023 ] > [LockCode-Key = 66245] $ [RF MAPPER] A inicialização foi autorizada!
[23-09-01 05:26:57] [RF MAPPER] - RESOURCE: bankatxd Ativado com Sucesso! 
[23-09-01 05:26:58] [ 5:26:58 | 1/9/2023 ] > [LockCode-Key = 42300] $ [RF MAPPER] A inicialização foi autorizada!
[23-09-01 05:26:58] [RF MAPPER] - RESOURCE: zlatnictvitxd Ativado com Sucesso! 
[23-09-02 05:26:56] [ 5:26:57 | 2/9/2023 ] > [LockCode-Key = 872230] $ [RF MAPPER] A inicialização foi autorizada!
[23-09-02 05:26:56] [RF MAPPER] - RESOURCE: apartmanytxd Ativado com Sucesso! 
[23-09-02 05:26:57] Trust Store | Licenca ativada com sucesso!
[23-09-02 05:26:57] [ 5:26:57 | 2/9/2023 ] > [LockCode-Key = 244220] $ [RF MAPPER] A inicialização foi autorizada!
[23-09-02 05:26:57] [RF MAPPER] - RESOURCE: bankatxd Ativado com Sucesso! 
[23-09-02 05:26:57] [ 5:26:58 | 2/9/2023 ] > [LockCode-Key = 446005] $ [RF MAPPER] A inicialização foi autorizada!
[23-09-02 05:26:57] [RF MAPPER] - RESOURCE: zlatnictvitxd Ativado com Sucesso! 
[23-09-03 05:26:56] [ 5:26:56 | 3/9/2023 ] > [LockCode-Key = 427670] $ [RF MAPPER] A inicialização foi autorizada!
[23-09-03 05:26:56] [RF MAPPER] - RESOURCE: apartmanytxd Ativado com Sucesso! 
[23-09-03 05:26:56] Trust Store | Licenca ativada com sucesso!
[23-09-03 05:26:57] [ 5:26:57 | 3/9/2023 ] > [LockCode-Key = 504195] $ [RF MAPPER] A inicialização foi autorizada!
[23-09-03 05:26:57] [RF MAPPER] - RESOURCE: bankatxd Ativado com Sucesso! 
[23-09-03 05:26:57] [ 5:26:58 | 3/9/2023 ] > [LockCode-Key = 830220] $ [RF MAPPER] A inicialização foi autorizada!
[23-09-03 05:26:57] [RF MAPPER] - RESOURCE: zlatnictvitxd Ativado com Sucesso! 
[23-10-06 21:39:59] [ 21:40:0 | 6/10/2023 ] > [LockCode-Key = 343800] $ [RF MAPPER] A inicialização foi autorizada!
[23-10-06 21:39:59] [RF MAPPER] - RESOURCE: apartmanytxd Ativado com Sucesso! 
[23-10-06 21:40:00] Trust Store | Licenca ativada com sucesso!
[23-10-06 21:40:00] [ 21:40:0 | 6/10/2023 ] > [LockCode-Key = 1140] $ [RF MAPPER] A inicialização foi autorizada!
[23-10-06 21:40:00] [RF MAPPER] - RESOURCE: bankatxd Ativado com Sucesso! 
[23-10-06 21:40:00] [ 21:40:0 | 6/10/2023 ] > [LockCode-Key = 336515] $ [RF MAPPER] A inicialização foi autorizada!
[23-10-06 21:40:00] [RF MAPPER] - RESOURCE: zlatnictvitxd Ativado com Sucesso! 
[23-10-06 21:44:08] [ 21:44:8 | 6/10/2023 ] > [LockCode-Key = 129310] $ [RF MAPPER] A inicialização foi autorizada!
[23-10-06 21:44:08] [RF MAPPER] - RESOURCE: apartmanytxd Ativado com Sucesso! 
[23-10-06 21:44:08] Trust Store | Licenca ativada com sucesso!
[23-10-06 21:44:08] [ 21:44:9 | 6/10/2023 ] > [LockCode-Key = 425745] $ [RF MAPPER] A inicialização foi autorizada!
[23-10-06 21:44:08] [RF MAPPER] - RESOURCE: bankatxd Ativado com Sucesso! 
[23-10-06 21:44:09] [ 21:44:9 | 6/10/2023 ] > [LockCode-Key = 416755] $ [RF MAPPER] A inicialização foi autorizada!
[23-10-06 21:44:09] [RF MAPPER] - RESOURCE: zlatnictvitxd Ativado com Sucesso! 
[23-10-06 21:44:25] [ 21:44:25 | 6/10/2023 ] > [LockCode-Key = 233935] $ [RF MAPPER] A inicialização foi autorizada!
[23-10-06 21:44:25] [RF MAPPER] - RESOURCE: apartmanytxd Ativado com Sucesso! 
[23-10-06 21:44:25] Trust Store | Licenca ativada com sucesso!
[23-10-06 21:44:25] [ 21:44:26 | 6/10/2023 ] > [LockCode-Key = 347265] $ [RF MAPPER] A inicialização foi autorizada!
[23-10-06 21:44:25] [RF MAPPER] - RESOURCE: bankatxd Ativado com Sucesso! 
[23-10-06 21:44:26] [ 21:44:26 | 6/10/2023 ] > [LockCode-Key = 409660] $ [RF MAPPER] A inicialização foi autorizada!
[23-10-06 21:44:26] [RF MAPPER] - RESOURCE: zlatnictvitxd Ativado com Sucesso! 
[23-10-07 05:26:48] [ 5:26:48 | 7/10/2023 ] > [LockCode-Key = 33930] $ [RF MAPPER] A inicialização foi autorizada!
[23-10-07 05:26:48] [RF MAPPER] - RESOURCE: apartmanytxd Ativado com Sucesso! 
[23-10-07 05:26:48] Trust Store | Licenca ativada com sucesso!
[23-10-07 05:26:48] [ 5:26:49 | 7/10/2023 ] > [LockCode-Key = 45375] $ [RF MAPPER] A inicialização foi autorizada!
[23-10-07 05:26:48] [RF MAPPER] - RESOURCE: bankatxd Ativado com Sucesso! 
[23-10-07 05:26:49] [ 5:26:49 | 7/10/2023 ] > [LockCode-Key = 772080] $ [RF MAPPER] A inicialização foi autorizada!
[23-10-07 05:26:49] [RF MAPPER] - RESOURCE: zlatnictvitxd Ativado com Sucesso! 
[23-10-08 05:26:52] [ 5:26:52 | 8/10/2023 ] > [LockCode-Key = 172530] $ [RF MAPPER] A inicialização foi autorizada!
[23-10-08 05:26:52] [RF MAPPER] - RESOURCE: apartmanytxd Ativado com Sucesso! 
[23-10-08 05:26:52] Trust Store | Licenca ativada com sucesso!
[23-10-08 05:26:52] [ 5:26:52 | 8/10/2023 ] > [LockCode-Key = 12885] $ [RF MAPPER] A inicialização foi autorizada!
[23-10-08 05:26:52] [RF MAPPER] - RESOURCE: bankatxd Ativado com Sucesso! 
[23-10-08 05:26:53] [ 5:26:53 | 8/10/2023 ] > [LockCode-Key = 59385] $ [RF MAPPER] A inicialização foi autorizada!
[23-10-08 05:26:53] [RF MAPPER] - RESOURCE: zlatnictvitxd Ativado com Sucesso! 
[23-10-09 05:26:54] Trust Store | Licenca ativada com sucesso!
[23-10-09 05:26:54] [ 5:26:55 | 9/10/2023 ] > [LockCode-Key = 23070] $ [RF MAPPER] A inicialização foi autorizada!
[23-10-09 05:26:54] [RF MAPPER] - RESOURCE: apartmanytxd Ativado com Sucesso! 
[23-10-09 05:26:55] [ 5:26:56 | 9/10/2023 ] > [LockCode-Key = 741300] $ [RF MAPPER] A inicialização foi autorizada!
[23-10-09 05:26:55] [RF MAPPER] - RESOURCE: bankatxd Ativado com Sucesso! 
[23-10-09 05:26:56] [ 5:26:56 | 9/10/2023 ] > [LockCode-Key = 510125] $ [RF MAPPER] A inicialização foi autorizada!
[23-10-09 05:26:56] [RF MAPPER] - RESOURCE: zlatnictvitxd Ativado com Sucesso! 
[23-10-10 05:26:51] [ 5:26:51 | 10/10/2023 ] > [LockCode-Key = 565350] $ [RF MAPPER] A inicialização foi autorizada!
[23-10-10 05:26:51] [RF MAPPER] - RESOURCE: apartmanytxd Ativado com Sucesso! 
[23-10-10 05:26:51] [ 5:26:52 | 10/10/2023 ] > [LockCode-Key = 940725] $ [RF MAPPER] A inicialização foi autorizada!
[23-10-10 05:26:51] [RF MAPPER] - RESOURCE: bankatxd Ativado com Sucesso! 
[23-10-10 05:26:51] Trust Store | Licenca ativada com sucesso!
[23-10-10 05:26:52] [ 5:26:52 | 10/10/2023 ] > [LockCode-Key = 744415] $ [RF MAPPER] A inicialização foi autorizada!
[23-10-10 05:26:52] [RF MAPPER] - RESOURCE: zlatnictvitxd Ativado com Sucesso! 
[23-10-11 05:26:55] [ 5:26:55 | 11/10/2023 ] > [LockCode-Key = 757480] $ [RF MAPPER] A inicialização foi autorizada!
[23-10-11 05:26:55] [RF MAPPER] - RESOURCE: apartmanytxd Ativado com Sucesso! 
[23-10-11 05:26:55] Trust Store | Licenca ativada com sucesso!
[23-10-11 05:26:55] [ 5:26:55 | 11/10/2023 ] > [LockCode-Key = 629775] $ [RF MAPPER] A inicialização foi autorizada!
[23-10-11 05:26:55] [RF MAPPER] - RESOURCE: bankatxd Ativado com Sucesso! 
[23-10-11 05:26:56] [ 5:26:56 | 11/10/2023 ] > [LockCode-Key = 943375] $ [RF MAPPER] A inicialização foi autorizada!
[23-10-11 05:26:56] [RF MAPPER] - RESOURCE: zlatnictvitxd Ativado com Sucesso! 
[23-10-12 05:26:52] [ 5:26:53 | 12/10/2023 ] > [LockCode-Key = 919490] $ [RF MAPPER] A inicialização foi autorizada!
[23-10-12 05:26:52] [RF MAPPER] - RESOURCE: apartmanytxd Ativado com Sucesso! 
[23-10-12 05:26:52] Trust Store | Licenca ativada com sucesso!
[23-10-12 05:26:53] [ 5:26:53 | 12/10/2023 ] > [LockCode-Key = 13915] $ [RF MAPPER] A inicialização foi autorizada!
[23-10-12 05:26:53] [RF MAPPER] - RESOURCE: bankatxd Ativado com Sucesso! 
[23-10-12 05:26:53] [ 5:26:54 | 12/10/2023 ] > [LockCode-Key = 235320] $ [RF MAPPER] A inicialização foi autorizada!
[23-10-12 05:26:53] [RF MAPPER] - RESOURCE: zlatnictvitxd Ativado com Sucesso! 
[23-10-13 05:26:54] [ 5:26:55 | 13/10/2023 ] > [LockCode-Key = 334235] $ [RF MAPPER] A inicialização foi autorizada!
[23-10-13 05:26:54] [RF MAPPER] - RESOURCE: apartmanytxd Ativado com Sucesso! 
[23-10-13 05:26:55] Trust Store | Licenca ativada com sucesso!
[23-10-13 05:26:55] [ 5:26:55 | 13/10/2023 ] > [LockCode-Key = 355105] $ [RF MAPPER] A inicialização foi autorizada!
[23-10-13 05:26:55] [RF MAPPER] - RESOURCE: bankatxd Ativado com Sucesso! 
[23-10-13 05:26:55] [ 5:26:56 | 13/10/2023 ] > [LockCode-Key = 586710] $ [RF MAPPER] A inicialização foi autorizada!
[23-10-13 05:26:55] [RF MAPPER] - RESOURCE: zlatnictvitxd Ativado com Sucesso! 
[23-10-13 12:41:51] Trust Store | Licenca ativada com sucesso!
[23-10-13 12:41:51] [ 12:41:51 | 13/10/2023 ] > [LockCode-Key = 364400] $ [RF MAPPER] A inicialização foi autorizada!
[23-10-13 12:41:51] [RF MAPPER] - RESOURCE: apartmanytxd Ativado com Sucesso! 
[23-10-13 12:41:51] [ 12:41:52 | 13/10/2023 ] > [LockCode-Key = 42395] $ [RF MAPPER] A inicialização foi autorizada!
[23-10-13 12:41:51] [RF MAPPER] - RESOURCE: bankatxd Ativado com Sucesso! 
[23-10-13 12:41:53] [ 12:41:53 | 13/10/2023 ] > [LockCode-Key = 951870] $ [RF MAPPER] A inicialização foi autorizada!
[23-10-13 12:41:53] [RF MAPPER] - RESOURCE: zlatnictvitxd Ativado com Sucesso! 
[23-10-13 16:05:23] Trust Store | Licenca ativada com sucesso!
[23-10-14 05:26:46] [ 5:26:46 | 14/10/2023 ] > [LockCode-Key = 945235] $ [RF MAPPER] A inicialização foi autorizada!
[23-10-14 05:26:46] [RF MAPPER] - RESOURCE: apartmanytxd Ativado com Sucesso! 
[23-10-14 05:26:46] Trust Store | Licenca ativada com sucesso!
[23-10-14 05:26:47] [ 5:26:47 | 14/10/2023 ] > [LockCode-Key = 626325] $ [RF MAPPER] A inicialização foi autorizada!
[23-10-14 05:26:47] [RF MAPPER] - RESOURCE: bankatxd Ativado com Sucesso! 
[23-10-14 05:26:47] [ 5:26:48 | 14/10/2023 ] > [LockCode-Key = 803515] $ [RF MAPPER] A inicialização foi autorizada!
[23-10-14 05:26:47] [RF MAPPER] - RESOURCE: zlatnictvitxd Ativado com Sucesso! 
[23-10-14 10:39:30] [ 10:39:30 | 14/10/2023 ] > [LockCode-Key = 72745] $ [RF MAPPER] A inicialização foi autorizada!
[23-10-14 10:39:30] [RF MAPPER] - RESOURCE: apartmanytxd Ativado com Sucesso! 
[23-10-14 10:39:30] Trust Store | Licenca ativada com sucesso!
[23-10-14 10:39:31] [ 10:39:32 | 14/10/2023 ] > [LockCode-Key = 630060] $ [RF MAPPER] A inicialização foi autorizada!
[23-10-14 10:39:31] [RF MAPPER] - RESOURCE: bankatxd Ativado com Sucesso! 
[23-10-14 10:39:32] [ 10:39:33 | 14/10/2023 ] > [LockCode-Key = 976750] $ [RF MAPPER] A inicialização foi autorizada!
[23-10-14 10:39:32] [RF MAPPER] - RESOURCE: zlatnictvitxd Ativado com Sucesso! 
[23-10-14 11:38:38] [ 11:38:39 | 14/10/2023 ] > [LockCode-Key = 813595] $ [RF MAPPER] A inicialização foi autorizada!
[23-10-14 11:38:38] [RF MAPPER] - RESOURCE: apartmanytxd Ativado com Sucesso! 
[23-10-14 11:38:39] Trust Store | Licenca ativada com sucesso!
[23-10-14 11:38:39] [ 11:38:39 | 14/10/2023 ] > [LockCode-Key = 916230] $ [RF MAPPER] A inicialização foi autorizada!
[23-10-14 11:38:39] [RF MAPPER] - RESOURCE: bankatxd Ativado com Sucesso! 
[23-10-14 11:38:39] [ 11:38:40 | 14/10/2023 ] > [LockCode-Key = 960200] $ [RF MAPPER] A inicialização foi autorizada!
[23-10-14 11:38:39] [RF MAPPER] - RESOURCE: zlatnictvitxd Ativado com Sucesso! 
[23-10-15 05:26:51] [ 5:26:52 | 15/10/2023 ] > [LockCode-Key = 285730] $ [RF MAPPER] A inicialização foi autorizada!
[23-10-15 05:26:51] [RF MAPPER] - RESOURCE: apartmanytxd Ativado com Sucesso! 
[23-10-15 05:26:51] Trust Store | Licenca ativada com sucesso!
[23-10-15 05:26:52] [ 5:26:52 | 15/10/2023 ] > [LockCode-Key = 204895] $ [RF MAPPER] A inicialização foi autorizada!
[23-10-15 05:26:52] [RF MAPPER] - RESOURCE: bankatxd Ativado com Sucesso! 
[23-10-15 05:26:52] [ 5:26:53 | 15/10/2023 ] > [LockCode-Key = 722820] $ [RF MAPPER] A inicialização foi autorizada!
[23-10-15 05:26:52] [RF MAPPER] - RESOURCE: zlatnictvitxd Ativado com Sucesso! 
[23-10-16 05:26:55] [ 5:26:55 | 16/10/2023 ] > [LockCode-Key = 172540] $ [RF MAPPER] A inicialização foi autorizada!
[23-10-16 05:26:55] [RF MAPPER] - RESOURCE: apartmanytxd Ativado com Sucesso! 
[23-10-16 05:26:55] [ 5:26:56 | 16/10/2023 ] > [LockCode-Key = 132935] $ [RF MAPPER] A inicialização foi autorizada!
[23-10-16 05:26:55] [RF MAPPER] - RESOURCE: bankatxd Ativado com Sucesso! 
[23-10-16 05:26:56] Trust Store | Licenca ativada com sucesso!
[23-10-16 05:26:56] [ 5:26:56 | 16/10/2023 ] > [LockCode-Key = 185505] $ [RF MAPPER] A inicialização foi autorizada!
[23-10-16 05:26:56] [RF MAPPER] - RESOURCE: zlatnictvitxd Ativado com Sucesso! 
[23-10-16 15:30:08] [ 15:30:8 | 16/10/2023 ] > [LockCode-Key = 163115] $ [RF MAPPER] A inicialização foi autorizada!
[23-10-16 15:30:08] [RF MAPPER] - RESOURCE: apartmanytxd Ativado com Sucesso! 
[23-10-16 15:30:08] Trust Store | Licenca ativada com sucesso!
[23-10-16 15:30:09] [ 15:30:9 | 16/10/2023 ] > [LockCode-Key = 189095] $ [RF MAPPER] A inicialização foi autorizada!
[23-10-16 15:30:09] [RF MAPPER] - RESOURCE: bankatxd Ativado com Sucesso! 
[23-10-16 15:30:09] [ 15:30:10 | 16/10/2023 ] > [LockCode-Key = 897765] $ [RF MAPPER] A inicialização foi autorizada!
[23-10-16 15:30:09] [RF MAPPER] - RESOURCE: zlatnictvitxd Ativado com Sucesso! 
[2023-10-17 00:08:41] [RF MAPPER] Resource não liberado - 3
[2023-10-17 00:08:41] [RF MAPPER] Resource não liberado - 3
[2023-10-17 00:08:41] [RF MAPPER] Resource não liberado - 3
[2023-10-17 22:12:05] [RF MAPPER] Resource não liberado - 3
[2023-10-17 22:12:07] [RF MAPPER] Resource não liberado - 3  [DUP x2]
[2023-11-03 23:43:48] [RF MAPPER] Resource não liberado - 3
[2023-11-03 23:43:49] [RF MAPPER] Resource não liberado - 3
[2023-11-03 23:43:49] [RF MAPPER] Resource não liberado - 3
